(001.100) $GNVTG,,,,,,,,,N*2E
(001.100) $GNGGA,121242.00,,,,,0,04,5.36,,,,,,*4A
(001.100) $GNGSA,A,1,04,07,09,,,,,,,,,,8.73,5.36,6.89,1*02
(001.100) $GNGSA,A,1,75,,,,,,,,,,,,8.73,5.36,6.89,2*09
(001.100) $GNGSA,A,1,,,,,,,,,,,,,8.73,5.36,6.89,3*0A
(001.100) $GNGSA,A,1,,,,,,,,,,,,,8.73,5.36,6.89,4*0D
(001.100) $GPGSV,1,1,03,04,32,067,29,07,58,169,27,09,71,049,32,1*5A
(001.100) $GPGSV,1,1,03,04,32,067,21,07,58,169,25,09,71,049,26,6*52
(001.100) $GLGSV,1,1,02,75,50,086,33,1*43
(001.100) $GLGSV,1,1,03,75,50,086,23,82,,,28,3*41
(001.100) $GAGSV,1,1,00,*44
(001.100) $GAGSV,1,1,00,*44
(001.100) $GBGSV,1,1,00,*47
(001.100) $GBGSV,1,1,00,*47
(001.100) $GNGLL,,,,,121242.00,V,N*52
(001.100) $GNRMC,121243.00,V,,,,,,,091120,,,N,V*15
(001.100) $GNVTG,,,,,,,,,N*2E
(001.100) $GNGGA,121243.00,,,,,0,04,5.36,,,,,,*4B
(001.100) $GNGSA,A,1,04,07,09,,,,,,,,,,8.73,5.36,6.89,1*02
(001.100) $GNGSA,A,1,75,,,,,,,,,,,,8.73,5.36,6.89,2*09
(001.100) $GNGSA,A,1,,,,,,,,,,,,,8.73,5.36,6.89,3*0A
(001.100) $GNGSA,A,1,,,,,,,,,,,,,8.73,5.36,6.89,4*0D
(001.100) $GPGSV,1,1,03,04,32,067,29,07,58,169,27,09,71,049,32,1*5A
(001.100) $GPGSV,1,1,03,04,32,067,21,07,58,169,25,09,71,049,26,6*52
(001.100) $GLGSV,1,1,02,75,50,086,33,1*43
(001.100) $GLGSV,1,1,03,75,50,086,23,82,,,28,3*41
(001.100) $GAGSV,1,1,00,*44
(001.100) $GAGSV,1,1,00,*44
(001.100) $GBGSV,1,1,00,*47
(001.100) $GBGSV,1,1,00,*47
(001.100) $GNGLL,,,,,121243.00,V,N*53
(001.100) $GNRMC,121244.00,V,,,,,,,091120,,,N,V*12
(001.100) $GNVTG,,,,,,,,,N*2E
(001.100) $GNGGA,121244.00,,,,,0,04,5.36,,,,,,*4C
(001.100) $GNGSA,A,1,04,07,09,,,,,,,,,,8.73,5.36,6.89,1*02
(001.100) $GNGSA,A,1,75,,,,,,,,,,,,8.73,5.36,6.89,2*09
(001.100) $GNGSA,A,1,,,,,,,,,,,,,8.73,5.36,6.89,3*0A
(001.100) $GNGSA,A,1,,,,,,,,,,,,,8.73,5.36,6.89,4*0D
(001.100) $GPGSV,1,1,03,04,32,067,29,07,58,169,27,09,71,049,32,1*5A
(001.100) $GPGSV,1,1,03,04,32,067,21,07,58,169,24,09,71,049,26,6*53
(001.100) $GLGSV,1,1,02,75,50,086,33,1*43
(001.100) $GLGSV,1,1,03,75,50,086,23,82,,,28,3*41
(001.100) $GAGSV,1,1,00,*44
(001.100) $GAGSV,1,1,00,*44
(001.100) $GBGSV,1,1,00,*47
(001.100) $GBGSV,1,1,00,*47
(001.100) $GNGLL,,,,,121244.00,V,N*54
(001.100) $GNRMC,121245.00,V,,,,,,,091120,,,N,V*13
(001.100) $GNVTG,,,,,,,,,N*2E
(001.100) $GNGGA,121245.00,,,,,0,04,5.37,,,,,,*4C
(001.100) $GNGSA,A,1,04,07,09,,,,,,,,,,8.73,5.37,6.89,1*03
(001.100) $GNGSA,A,1,75,,,,,,,,,,,,8.73,5.37,6.89,2*08
(001.100) $GNGSA,A,1,,,,,,,,,,,,,8.73,5.37,6.89,3*0B
(001.100) $GNGSA,A,1,,,,,,,,,,,,,8.73,5.37,6.89,4*0C
(001.100) $GPGSV,1,1,03,04,32,067,29,07,58,169,28,09,71,049,32,1*55
(001.100) $GPGSV,1,1,03,04,32,067,22,07,58,169,25,09,71,049,26,6*51
(001.100) $GLGSV,1,1,02,75,50,086,32,1*42
(001.100) $GLGSV,1,1,03,75,50,086,23,82,,,28,3*41
(001.100) $GAGSV,1,1,00,*44
(001.100) $GAGSV,1,1,00,*44
(001.100) $GBGSV,1,1,00,*47
(001.100) $GBGSV,1,1,00,*47
(001.100) $GNGLL,,,,,121245.00,V,N*55
(001.100) $GNRMC,121246.00,V,,,,,,,091120,,,N,V*10
(001.100) $GNVTG,,,,,,,,,N*2E
(001.100) $GNGGA,121246.00,,,,,0,04,5.37,,,,,,*4F
(001.100) $GNGSA,A,1,04,07,09,,,,,,,,,,8.73,5.37,6.89,1*03
(001.100) $GNGSA,A,1,75,,,,,,,,,,,,8.73,5.37,6.89,2*08
(001.100) $GNGSA,A,1,,,,,,,,,,,,,8.73,5.37,6.89,3*0B
(001.100) $GNGSA,A,1,,,,,,,,,,,,,8.73,5.37,6.89,4*0C
(001.100) $GPGSV,1,1,03,04,32,067,29,07,58,169,28,09,71,049,32,1*55
(001.100) $GPGSV,1,1,03,04,32,067,21,07,58,169,24,09,71,049,26,6*53
(001.100) $GLGSV,1,1,03,65,43,077,29,75,50,086,32,1*7C
(001.100) $GLGSV,1,1,04,65,43,077,,75,50,086,23,82,,,28,3*72
(001.100) $GAGSV,1,1,00,*44
(001.100) $GAGSV,1,1,00,*44
(001.100) $GBGSV,1,1,00,*47
(001.100) $GBGSV,1,1,00,*47
(001.100) $GNGLL,,,,,121246.00,V,N*56
(001.100) $GNRMC,121247.00,V,,,,,,,091120,,,N,V*11
(001.100) $GNVTG,,,,,,,,,N*2E
(001.100) $GNGGA,121247.00,,,,,0,04,5.37,,,,,,*4E
(001.100) $GNGSA,A,1,04,07,09,,,,,,,,,,8.74,5.37,6.89,1*04
(001.100) $GNGSA,A,1,75,,,,,,,,,,,,8.74,5.37,6.89,2*0F
(001.100) $GNGSA,A,1,,,,,,,,,,,,,8.74,5.37,6.89,3*0C
(001.100) $GNGSA,A,1,,,,,,,,,,,,,8.74,5.37,6.89,4*0B
(001.100) $GPGSV,1,1,03,04,32,068,29,07,58,169,28,09,71,049,32,1*5A
(001.100) $GPGSV,1,1,03,04,32,068,22,07,58,169,24,09,71,049,26,6*5F
(001.100) $GLGSV,1,1,03,65,43,077,28,75,50,086,32,1*7D
(001.100) $GLGSV,1,1,04,65,43,077,,75,50,086,23,82,,,28,3*72
(001.100) $GAGSV,1,1,00,*44
(001.100) $GAGSV,1,1,00,*44
(001.100) $GBGSV,1,1,00,*47
(001.100) $GBGSV,1,1,00,*47
(001.100) $GNGLL,,,,,121247.00,V,N*57
(001.100) $GNRMC,121248.00,V,,,,,,,091120,,,N,V*1E
(001.100) $GNVTG,,,,,,,,,N*2E
(001.100) $GNGGA,121248.00,,,,,0,04,5.37,,,,,,*41
(001.100) $GNGSA,A,1,04,07,09,,,,,,,,,,8.74,5.37,6.89,1*04
(001.100) $GNGSA,A,1,75,,,,,,,,,,,,8.74,5.37,6.89,2*0F
(001.100) $GNGSA,A,1,,,,,,,,,,,,,8.74,5.37,6.89,3*0C
(001.100) $GNGSA,A,1,,,,,,,,,,,,,8.74,5.37,6.89,4*0B
(001.100) $GPGSV,1,1,03,04,32,068,29,07,58,169,28,09,71,049,32,1*5A
(001.100) $GPGSV,1,1,03,04,32,068,23,07,58,169,24,09,71,049,27,6*5F
(001.100) $GLGSV,1,1,03,65,43,077,28,75,50,086,32,1*7D
(001.100) $GLGSV,1,1,04,65,43,077,,75,50,086,24,82,,,29,3*74
(001.100) $GAGSV,1,1,00,*44
(001.100) $GAGSV,1,1,00,*44
(001.100) $GBGSV,1,1,00,*47
(001.100) $GBGSV,1,1,00,*47
(001.100) $GNGLL,,,,,121248.00,V,N*58
(001.100) $GNRMC,121249.00,V,,,,,,,091120,,,N,V*1F
(001.100) $GNVTG,,,,,,,,,N*2E
(001.100) $GNGGA,121249.00,,,,,0,04,5.37,,,,,,*40
(001.100) $GNGSA,A,1,04,07,09,,,,,,,,,,8.74,5.37,6.89,1*04
(001.100) $GNGSA,A,1,75,,,,,,,,,,,,8.74,5.37,6.89,2*0F
(001.100) $GNGSA,A,1,,,,,,,,,,,,,8.74,5.37,6.89,3*0C
(001.100) $GNGSA,A,1,,,,,,,,,,,,,8.74,5.37,6.89,4*0B
(001.100) $GPGSV,1,1,03,04,32,068,29,07,58,169,27,09,71,049,31,1*56
(001.100) $GPGSV,1,1,03,04,32,068,23,07,58,169,23,09,71,049,27,6*58
(001.100) $GLGSV,1,1,03,65,43,077,28,75,50,086,32,1*7D
(001.100) $GLGSV,1,1,04,65,43,077,,75,50,086,24,82,,,29,3*74
(001.100) $GAGSV,1,1,00,*44
(001.100) $GAGSV,1,1,00,*44
(001.100) $GBGSV,1,1,00,*47
(001.100) $GBGSV,1,1,00,*47
(001.100) $GNGLL,,,,,121249.00,V,N*59
(001.100) $GNRMC,121250.00,V,,,,,,,091120,,,N,V*17
(001.100) $GNVTG,,,,,,,,,N*2E
(001.100) $GNGGA,121250.00,,,,,0,04,5.38,,,,,,*47
(001.100) $GNGSA,A,1,04,07,09,,,,,,,,,,8.74,5.38,6.89,1*0B
(001.100) $GNGSA,A,1,75,,,,,,,,,,,,8.74,5.38,6.89,2*00
(001.100) $GNGSA,A,1,,,,,,,,,,,,,8.74,5.38,6.89,3*03
(001.100) $GNGSA,A,1,,,,,,,,,,,,,8.74,5.38,6.89,4*04
(001.100) $GPGSV,1,1,03,04,32,068,29,07,58,169,28,09,71,049,31,1*59
(001.100) $GPGSV,1,1,03,04,32,068,24,07,58,169,23,09,71,049,27,6*5F
(001.100) $GLGSV,1,1,04,65,43,077,28,66,54,318,27,75,50,086,32,1*44
(001.100) $GLGSV,1,1,04,65,43,077,18,66,54,318,27,75,50,086,24,82,,,29,3*43
(001.100) $GAGSV,1,1,00,*44
(001.100) $GAGSV,1,1,00,*44
(001.100) $GBGSV,1,1,00,*47
(001.100) $GBGSV,1,1,00,*47
(001.100) $GNGLL,,,,,121250.00,V,N*51
(001.100) $GNRMC,121251.00,V,,,,,,,091120,,,N,V*16
(001.100) $GNVTG,,,,,,,,,N*2E
(001.100) $GNGGA,121251.00,,,,,0,04,5.38,,,,,,*46
(001.100) $GNGSA,A,1,04,07,09,,,,,,,,,,8.74,5.38,6.89,1*0B
(001.100) $GNGSA,A,1,75,,,,,,,,,,,,8.74,5.38,6.89,2*00
(001.100) $GNGSA,A,1,,,,,,,,,,,,,8.74,5.38,6.89,3*03
(001.100) $GNGSA,A,1,,,,,,,,,,,,,8.74,5.38,6.89,4*04
(001.100) $GPGSV,1,1,03,04,32,068,29,07,58,169,28,09,71,049,31,1*59
(001.100) $GPGSV,1,1,03,04,32,068,23,07,58,169,24,09,71,049,27,6*5F
(001.100) $GLGSV,1,1,04,65,43,077,28,66,54,318,27,75,50,086,32,1*44
(001.100) $GLGSV,1,1,04,65,43,077,18,66,54,318,27,75,50,086,24,82,,,29,3*43
(001.100) $GAGSV,1,1,00,*44
(001.100) $GAGSV,1,1,00,*44
(001.100) $GBGSV,1,1,00,*47
(001.100) $GBGSV,1,1,00,*47
(001.100) $GNGLL,,,,,121251.00,V,N*50
(001.100) $GNRMC,121252.00,V,,,,,,,091120,,,N,V*15
(001.100) $GNVTG,,,,,,,,,N*2E
(001.100) $GNGGA,121252.00,,,,,0,04,5.38,,,,,,*45
(001.100) $GNGSA,A,1,04,07,09,,,,,,,,,,8.74,5.38,6.89,1*0B
(001.100) $GNGSA,A,1,75,,,,,,,,,,,,8.74,5.38,6.89,2*00
(001.100) $GNGSA,A,1,,,,,,,,,,,,,8.74,5.38,6.89,3*03
(001.100) $GNGSA,A,1,,,,,,,,,,,,,8.74,5.38,6.89,4*04
(001.100) $GPGSV,1,1,03,04,32,068,29,07,58,169,27,09,71,049,31,1*56
(001.100) $GPGSV,1,1,03,04,32,068,22,07,58,169,24,09,71,049,27,6*5E
(001.100) $GLGSV,1,1,04,65,43,077,29,66,54,318,27,75,50,086,32,1*45
(001.100) $GLGSV,1,1,04,65,43,077,17,66,54,318,27,75,50,086,24,82,,,29,3*4C
(001.100) $GAGSV,1,1,00,*44
(001.100) $GAGSV,1,1,00,*44
(001.100) $GBGSV,1,1,00,*47
(001.100) $GBGSV,1,1,00,*47
(001.100) $GNGLL,,,,,121252.00,V,N*53
(001.100) $GNRMC,121253.00,V,,,,,,,091120,,,N,V*14
(001.100) $GNVTG,,,,,,,,,N*2E
(001.100) $GNGGA,121253.00,,,,,0,04,5.38,,,,,,*44
(001.100) $GNGSA,A,1,04,07,09,,,,,,,,,,8.75,5.38,6.89,1*0A
(001.100) $GNGSA,A,1,75,,,,,,,,,,,,8.75,5.38,6.89,2*01
(001.100) $GNGSA,A,1,,,,,,,,,,,,,8.75,5.38,6.89,3*02
(001.100) $GNGSA,A,1,,,,,,,,,,,,,8.75,5.38,6.89,4*05
(001.100) $GPGSV,1,1,03,04,32,068,29,07,58,169,27,09,71,049,31,1*56
(001.100) $GPGSV,1,1,03,04,32,068,22,07,58,169,24,09,71,049,27,6*5E
(001.100) $GLGSV,1,1,04,65,43,077,29,66,54,318,27,75,50,086,32,1*45
(001.100) $GLGSV,1,1,04,65,43,077,18,66,54,318,27,75,50,086,24,82,,,29,3*43
(001.100) $GAGSV,1,1,00,*44
(001.100) $GAGSV,1,1,00,*44
(001.100) $GBGSV,1,1,00,*47
(001.100) $GBGSV,1,1,00,*47
(001.100) $GNGLL,,,,,121253.00,V,N*52
(001.100) $GNRMC,121254.00,V,,,,,,,091120,,,N,V*13
(001.100) $GNVTG,,,,,,,,,N*2E
(001.100) $GNGGA,121254.00,,,,,0,04,5.39,,,,,,*42
(001.100) $GNGSA,A,1,04,07,09,,,,,,,,,,8.75,5.39,6.89,1*0B
(001.100) $GNGSA,A,1,75,,,,,,,,,,,,8.75,5.39,6.89,2*00
(001.100) $GNGSA,A,1,,,,,,,,,,,,,8.75,5.39,6.89,3*03
(001.100) $GNGSA,A,1,,,,,,,,,,,,,8.75,5.39,6.89,4*04
(001.100) $GPGSV,1,1,03,04,32,068,29,07,58,169,27,09,71,049,31,1*56
(001.100) $GPGSV,1,1,03,04,32,068,22,07,58,169,24,09,71,049,26,6*5F
(001.100) $GLGSV,2,1,05,65,43,077,29,66,54,318,27,67,09,288,,75,50,086,32,1*7D
(001.100) $GLGSV,2,2,05,1*7D
(001.100) $GLGSV,2,1,05,65,43,077,19,66,54,318,28,67,09,288,,75,50,086,25,3*75
(001.100) $GLGSV,2,2,05,82,,,29,3*7E
(001.100) $GAGSV,1,1,00,*44
(001.100) $GAGSV,1,1,00,*44
(001.100) $GBGSV,1,1,00,*47
(001.100) $GBGSV,1,1,00,*47
(001.100) $GNGLL,,,,,121254.00,V,N*55
(001.100) $GNRMC,121255.00,V,,,,,,,091120,,,N,V*12
(001.100) $GNVTG,,,,,,,,,N*2E
(001.100) $GNGGA,121255.00,,,,,0,04,5.39,,,,,,*43
(001.100) $GNGSA,A,1,04,07,09,,,,,,,,,,8.75,5.39,6.89,1*0B
(001.100) $GNGSA,A,1,75,,,,,,,,,,,,8.75,5.39,6.89,2*00
(001.100) $GNGSA,A,1,,,,,,,,,,,,,8.75,5.39,6.89,3*03
(001.100) $GNGSA,A,1,,,,,,,,,,,,,8.75,5.39,6.89,4*04
(001.100) $GPGSV,1,1,03,04,32,068,29,07,58,169,27,09,71,049,32,1*55
(001.100) $GPGSV,1,1,03,04,32,068,23,07,58,169,24,09,71,049,26,6*5E
(001.100) $GLGSV,2,1,05,65,43,077,29,66,54,318,27,67,09,288,,75,50,086,32,1*7D
(001.100) $GLGSV,2,2,05,1*7D
(001.100) $GLGSV,2,1,05,65,43,077,19,66,54,318,27,67,09,288,,75,50,086,25,3*7A
(001.100) $GLGSV,2,2,05,82,,,28,3*7F
(001.100) $GAGSV,1,1,00,*44
(001.100) $GAGSV,1,1,00,*44
(001.100) $GBGSV,1,1,00,*47
(001.100) $GBGSV,1,1,00,*47
(001.100) $GNGLL,,,,,121255.00,V,N*54
(001.100) $GNRMC,121256.00,V,,,,,,,091120,,,N,V*11
(001.100) $GNVTG,,,,,,,,,N*2E
(001.100) $GNGGA,121256.00,,,,,0,04,5.39,,,,,,*40
(001.100) $GNGSA,A,1,04,07,09,,,,,,,,,,8.75,5.39,6.89,1*0B
(001.100) $GNGSA,A,1,75,,,,,,,,,,,,8.75,5.39,6.89,2*00
(001.100) $GNGSA,A,1,,,,,,,,,,,,,8.75,5.39,6.89,3*03
(001.100) $GNGSA,A,1,,,,,,,,,,,,,8.75,5.39,6.89,4*04
(001.100) $GPGSV,1,1,03,04,32,068,29,07,58,169,27,09,71,049,32,1*55
(001.100) $GPGSV,1,1,03,04,32,068,23,07,58,169,23,09,71,049,27,6*58
(001.100) $GLGSV,2,1,05,65,43,077,28,66,54,318,28,67,09,288,,75,50,086,32,1*73
(001.100) $GLGSV,2,2,05,1*7D
(001.100) $GLGSV,2,1,05,65,43,077,18,66,54,318,27,67,09,288,,75,50,086,24,3*7A
(001.100) $GLGSV,2,2,05,82,,,28,3*7F
(001.100) $GAGSV,1,1,00,*44
(001.100) $GAGSV,1,1,00,*44
(001.100) $GBGSV,1,1,00,*47
(001.100) $GBGSV,1,1,00,*47
(001.100) $GNGLL,,,,,121256.00,V,N*57
(001.100) $GNRMC,121257.00,V,,,,,,,091120,,,N,V*10
(001.100) $GNVTG,,,,,,,,,N*2E
(001.100) $GNGGA,121257.00,,,,,0,04,5.39,,,,,,*41
(001.100) $GNGSA,A,1,04,07,09,,,,,,,,,,8.75,5.39,6.89,1*0B
(001.100) $GNGSA,A,1,75,,,,,,,,,,,,8.75,5.39,6.89,2*00
(001.100) $GNGSA,A,1,,,,,,,,,,,,,8.75,5.39,6.89,3*03
(001.100) $GNGSA,A,1,,,,,,,,,,,,,8.75,5.39,6.89,4*04
(001.100) $GPGSV,1,1,03,04,32,068,29,07,58,169,27,09,71,049,32,1*55
(001.100) $GPGSV,1,1,03,04,32,068,22,07,58,169,24,09,71,049,27,6*5E
(001.100) $GLGSV,2,1,05,65,43,077,29,66,54,318,27,67,09,288,,75,50,086,32,1*7D
(001.100) $GLGSV,2,2,05,1*7D
(001.100) $GLGSV,2,1,05,65,43,077,16,66,54,318,28,67,09,288,,75,50,086,24,3*7B
(001.100) $GLGSV,2,2,05,82,,,28,3*7F
(001.100) $GAGSV,1,1,00,*44
(001.100) $GAGSV,1,1,00,*44
(001.100) $GBGSV,1,1,00,*47
(001.100) $GBGSV,1,1,00,*47
(001.100) $GNGLL,,,,,121257.00,V,N*56
(001.100) $GNRMC,121258.00,V,,,,,,,091120,,,N,V*1F
(001.100) $GNVTG,,,,,,,,,N*2E
(001.100) $GNGGA,121258.00,,,,,0,04,5.39,,,,,,*4E
(001.100) $GNGSA,A,1,04,07,09,,,,,,,,,,8.75,5.39,6.89,1*0B
(001.100) $GNGSA,A,1,75,,,,,,,,,,,,8.75,5.39,6.89,2*00
(001.100) $GNGSA,A,1,,,,,,,,,,,,,8.75,5.39,6.89,3*03
(001.100) $GNGSA,A,1,,,,,,,,,,,,,8.75,5.39,6.89,4*04
(001.100) $GPGSV,1,1,03,04,32,068,29,07,58,169,27,09,71,049,31,1*56
(001.100) $GPGSV,1,1,03,04,32,068,21,07,58,169,23,09,71,049,27,6*5A
(001.100) $GLGSV,2,1,05,65,43,077,29,66,54,318,27,67,09,288,,75,50,086,32,1*7D
(001.100) $GLGSV,2,2,05,1*7D
(001.100) $GLGSV,2,1,05,65,43,077,16,66,54,318,28,67,09,288,,75,50,086,24,3*7B
(001.100) $GLGSV,2,2,05,82,,,28,3*7F
(001.100) $GAGSV,1,1,00,*44
(001.100) $GAGSV,1,1,00,*44
(001.100) $GBGSV,1,1,00,*47
(001.100) $GBGSV,1,1,00,*47
(001.100) $GNGLL,,,,,121258.00,V,N*59
(001.100) $GNRMC,121259.00,V,,,,,,,091120,,,N,V*1E
(001.100) $GNVTG,,,,,,,,,N*2E
(001.100) $GNGGA,121259.00,,,,,0,04,5.40,,,,,,*41
(001.100) $GNGSA,A,1,04,07,09,,,,,,,,,,8.75,5.40,6.89,1*05
(001.100) $GNGSA,A,1,75,,,,,,,,,,,,8.75,5.40,6.89,2*0E
(001.100) $GNGSA,A,1,,,,,,,,,,,,,8.75,5.40,6.89,3*0D
(001.100) $GNGSA,A,1,,,,,,,,,,,,,8.75,5.40,6.89,4*0A
(001.100) $GPGSV,1,1,03,04,32,068,29,07,58,169,27,09,71,049,31,1*56
(001.100) $GPGSV,1,1,03,04,32,068,22,07,58,169,23,09,71,049,27,6*59
(001.100) $GLGSV,2,1,05,65,43,077,29,66,54,318,26,67,09,288,,75,50,086,32,1*7C
(001.100) $GLGSV,2,2,05,1*7D
(001.100) $GLGSV,2,1,05,65,43,077,17,66,54,318,28,67,09,288,,75,50,086,24,3*7A
(001.100) $GLGSV,2,2,05,82,,,28,3*7F
(001.100) $GAGSV,1,1,00,*44
(001.100) $GAGSV,1,1,00,*44
(001.100) $GBGSV,1,1,00,*47
(001.100) $GBGSV,1,1,00,*47
(001.100) $GNGLL,,,,,121259.00,V,N*58
(001.100) $GNRMC,121300.00,V,,,,,,,091120,,,N,V*13
(001.100) $GNVTG,,,,,,,,,N*2E
(001.100) $GNGGA,121300.00,,,,,0,04,5.40,,,,,,*4C
(001.100) $GNGSA,A,1,04,07,09,,,,,,,,,,8.76,5.40,6.89,1*06
(001.100) $GNGSA,A,1,75,,,,,,,,,,,,8.76,5.40,6.89,2*0D
(001.100) $GNGSA,A,1,,,,,,,,,,,,,8.76,5.40,6.89,3*0E
(001.100) $GNGSA,A,1,,,,,,,,,,,,,8.76,5.40,6.89,4*09
(001.100) $GPGSV,1,1,03,04,32,068,29,07,58,169,27,09,71,049,31,1*56
(001.100) $GPGSV,1,1,03,04,32,068,22,07,58,169,24,09,71,049,27,6*5E
(001.100) $GLGSV,2,1,05,65,43,077,29,66,54,318,27,67,09,288,,75,50,086,32,1*7D
(001.100) $GLGSV,2,2,05,1*7D
(001.100) $GLGSV,2,1,05,65,43,077,17,66,54,318,28,67,09,288,,75,50,086,24,3*7A
(001.100) $GLGSV,2,2,05,82,,,28,3*7F
(001.100) $GAGSV,1,1,00,*44
(001.100) $GAGSV,1,1,00,*44
(001.100) $GBGSV,1,1,00,*47
(001.100) $GBGSV,1,1,00,*47
(001.100) $GNGLL,,,,,121300.00,V,N*55
(001.100) $GNRMC,121301.00,V,,,,,,,091120,,,N,V*12
(001.100) $GNVTG,,,,,,,,,N*2E
(001.100) $GNGGA,121301.00,,,,,0,04,5.40,,,,,,*4D
(001.100) $GNGSA,A,1,04,07,09,,,,,,,,,,8.76,5.40,6.89,1*06
(001.100) $GNGSA,A,1,75,,,,,,,,,,,,8.76,5.40,6.89,2*0D
(001.100) $GNGSA,A,1,,,,,,,,,,,,,8.76,5.40,6.89,3*0E
(001.100) $GNGSA,A,1,,,,,,,,,,,,,8.76,5.40,6.89,4*09
(001.100) $GPGSV,1,1,03,04,32,068,29,07,58,169,28,09,71,049,31,1*59
(001.100) $GPGSV,1,1,03,04,32,068,22,07,58,169,23,09,71,049,27,6*59
(001.100) $GLGSV,2,1,05,65,43,077,29,66,54,318,26,67,09,288,,75,50,086,32,1*7C
(001.100) $GLGSV,2,2,05,1*7D
(001.100) $GLGSV,2,1,05,65,43,077,18,66,54,318,27,67,09,288,,75,50,086,24,3*7A
(001.100) $GLGSV,2,2,05,82,,,28,3*7F
(001.100) $GAGSV,1,1,00,*44
(001.100) $GAGSV,1,1,00,*44
(001.100) $GBGSV,1,1,00,*47
(001.100) $GBGSV,1,1,00,*47
(001.100) $GNGLL,,,,,121301.00,V,N*54
(001.100) $GNRMC,121302.00,V,,,,,,,091120,,,N,V*11
(001.100) $GNVTG,,,,,,,,,N*2E
(001.100) $GNGGA,121302.00,,,,,0,04,5.40,,,,,,*4E
(001.100) $GNGSA,A,1,04,07,09,,,,,,,,,,8.76,5.40,6.89,1*06
(001.100) $GNGSA,A,1,75,,,,,,,,,,,,8.76,5.40,6.89,2*0D
(001.100) $GNGSA,A,1,,,,,,,,,,,,,8.76,5.40,6.89,3*0E
(001.100) $GNGSA,A,1,,,,,,,,,,,,,8.76,5.40,6.89,4*09
(001.100) $GPGSV,1,1,03,04,32,068,28,07,58,169,27,09,71,049,32,1*54
(001.100) $GPGSV,1,1,03,04,32,068,22,07,58,169,24,09,71,049,27,6*5E
(001.100) $GLGSV,2,1,05,65,43,077,29,66,54,318,26,67,09,288,,75,50,086,32,1*7C
(001.100) $GLGSV,2,2,05,1*7D
(001.100) $GLGSV,2,1,05,65,43,077,18,66,54,318,27,67,09,288,,75,50,086,24,3*7A
(001.100) $GLGSV,2,2,05,82,,,29,3*7E
(001.100) $GAGSV,1,1,00,*44
(001.100) $GAGSV,1,1,00,*44
(001.100) $GBGSV,1,1,00,*47
(001.100) $GBGSV,1,1,00,*47
(001.100) $GNGLL,,,,,121302.00,V,N*57
(001.100) $GNRMC,121303.00,V,,,,,,,091120,,,N,V*10
(001.100) $GNVTG,,,,,,,,,N*2E
(001.100) $GNGGA,121303.00,,,,,0,04,5.41,,,,,,*4E
(001.100) $GNGSA,A,1,04,07,09,,,,,,,,,,8.76,5.41,6.89,1*07
(001.100) $GNGSA,A,1,75,,,,,,,,,,,,8.76,5.41,6.89,2*0C
(001.100) $GNGSA,A,1,,,,,,,,,,,,,8.76,5.41,6.89,3*0F
(001.100) $GNGSA,A,1,,,,,,,,,,,,,8.76,5.41,6.89,4*08
(001.100) $GPGSV,1,1,03,04,32,068,29,07,58,169,27,09,71,049,32,1*55
(001.100) $GPGSV,1,1,03,04,32,068,22,07,58,169,24,09,71,049,26,6*5F
(001.100) $GLGSV,2,1,05,65,43,077,29,66,54,318,27,67,09,288,,75,50,086,32,1*7D
(001.100) $GLGSV,2,2,05,1*7D
(001.100) $GLGSV,2,1,05,65,43,077,18,66,54,318,27,67,09,288,,75,50,086,23,3*7D
(001.100) $GLGSV,2,2,05,82,,,28,3*7F
(001.100) $GAGSV,1,1,00,*44
(001.100) $GAGSV,1,1,00,*44
(001.100) $GBGSV,1,1,00,*47
(001.100) $GBGSV,1,1,00,*47
(001.100) $GNGLL,,,,,121303.00,V,N*56
(001.100) $GNRMC,121304.00,V,,,,,,,091120,,,N,V*17
(001.100) $GNVTG,,,,,,,,,N*2E
(001.100) $GNGGA,121304.00,,,,,0,04,5.41,,,,,,*49
(001.100) $GNGSA,A,1,04,07,09,,,,,,,,,,8.76,5.41,6.89,1*07
(001.100) $GNGSA,A,1,75,,,,,,,,,,,,8.76,5.41,6.89,2*0C
(001.100) $GNGSA,A,1,,,,,,,,,,,,,8.76,5.41,6.89,3*0F
(001.100) $GNGSA,A,1,,,,,,,,,,,,,8.76,5.41,6.89,4*08
(001.100) $GPGSV,1,1,03,04,32,068,28,07,58,169,28,09,71,049,32,1*5B
(001.100) $GPGSV,1,1,03,04,32,068,22,07,58,169,23,09,71,049,26,6*58
(001.100) $GLGSV,2,1,05,65,43,077,29,66,54,318,27,67,09,288,,75,50,086,32,1*7D
(001.100) $GLGSV,2,2,05,1*7D
(001.100) $GLGSV,2,1,05,65,43,077,18,66,54,318,27,67,09,288,,75,50,086,23,3*7D
(001.100) $GLGSV,2,2,05,82,,,28,3*7F
(001.100) $GAGSV,1,1,00,*44
(001.100) $GAGSV,1,1,00,*44
(001.100) $GBGSV,1,1,00,*47
(001.100) $GBGSV,1,1,00,*47
(001.100) $GNGLL,,,,,121304.00,V,N*51
(001.100) $GNRMC,121305.00,V,,,,,,,091120,,,N,V*16
(001.100) $GNVTG,,,,,,,,,N*2E
(001.100) $GNGGA,121305.00,,,,,0,04,5.41,,,,,,*48
(001.100) $GNGSA,A,1,04,07,09,,,,,,,,,,8.76,5.41,6.89,1*07
(001.100) $GNGSA,A,1,75,,,,,,,,,,,,8.76,5.41,6.89,2*0C
(001.100) $GNGSA,A,1,,,,,,,,,,,,,8.76,5.41,6.89,3*0F
(001.100) $GNGSA,A,1,,,,,,,,,,,,,8.76,5.41,6.89,4*08
(001.100) $GPGSV,1,1,03,04,32,068,28,07,58,169,28,09,71,049,32,1*5B
(001.100) $GPGSV,1,1,03,04,32,068,22,07,58,169,23,09,71,049,26,6*58
(001.100) $GLGSV,2,1,05,65,43,077,29,66,54,318,27,67,09,288,,75,50,086,32,1*7D
(001.100) $GLGSV,2,2,05,1*7D
(001.100) $GLGSV,2,1,05,65,43,077,17,66,54,318,27,67,09,288,,75,50,086,22,3*73
(001.100) $GLGSV,2,2,05,82,,,28,3*7F
(001.100) $GAGSV,1,1,00,*44
(001.100) $GAGSV,1,1,00,*44
(001.100) $GBGSV,1,1,00,*47
(001.100) $GBGSV,1,1,00,*47
(001.100) $GNGLL,,,,,121305.00,V,N*50
(001.100) $GNRMC,121306.00,V,,,,,,,091120,,,N,V*15
(001.100) $GNVTG,,,,,,,,,N*2E
(001.100) $GNGGA,121306.00,,,,,0,04,5.41,,,,,,*4B
(001.100) $GNGSA,A,1,04,07,09,,,,,,,,,,8.77,5.41,6.90,1*0E
(001.100) $GNGSA,A,1,75,,,,,,,,,,,,8.77,5.41,6.90,2*05
(001.100) $GNGSA,A,1,,,,,,,,,,,,,8.77,5.41,6.90,3*06
(001.100) $GNGSA,A,1,,,,,,,,,,,,,8.77,5.41,6.90,4*01
(001.100) $GPGSV,1,1,03,04,32,068,28,07,58,169,28,09,71,049,31,1*58
(001.100) $GPGSV,1,1,03,04,32,068,22,07,58,169,23,09,71,049,26,6*58
(001.100) $GLGSV,2,1,05,65,43,077,29,66,54,318,27,67,09,288,,75,50,086,32,1*7D
(001.100) $GLGSV,2,2,05,1*7D
(001.100) $GLGSV,2,1,05,65,43,077,17,66,54,318,27,67,09,288,,75,50,086,23,3*72
(001.100) $GLGSV,2,2,05,82,,,28,3*7F
(001.100) $GAGSV,1,1,00,*44
(001.100) $GAGSV,1,1,00,*44
(001.100) $GBGSV,1,1,00,*47
(001.100) $GBGSV,1,1,00,*47
(001.100) $GNGLL,,,,,121306.00,V,N*53
(001.100) $GNRMC,121307.00,V,,,,,,,091120,,,N,V*14
(001.100) $GNVTG,,,,,,,,,N*2E
(001.100) $GNGGA,121307.00,,,,,0,04,5.42,,,,,,*49
(001.100) $GNGSA,A,1,04,07,09,,,,,,,,,,8.77,5.42,6.90,1*0D
(001.100) $GNGSA,A,1,75,,,,,,,,,,,,8.77,5.42,6.90,2*06
(001.100) $GNGSA,A,1,,,,,,,,,,,,,8.77,5.42,6.90,3*05
(001.100) $GNGSA,A,1,,,,,,,,,,,,,8.77,5.42,6.90,4*02
(001.100) $GPGSV,1,1,03,04,32,068,28,07,58,169,28,09,71,049,32,1*5B
(001.100) $GPGSV,1,1,03,04,32,068,22,07,58,169,23,09,71,049,26,6*58
(001.100) $GLGSV,2,1,05,65,43,077,29,66,54,318,27,67,09,288,,75,50,086,32,1*7D
(001.100) $GLGSV,2,2,05,1*7D
(001.100) $GLGSV,2,1,05,65,43,077,17,66,54,318,27,67,09,288,,75,50,086,23,3*72
(001.100) $GLGSV,2,2,05,82,,,28,3*7F
(001.100) $GAGSV,1,1,00,*44
(001.100) $GAGSV,1,1,00,*44
(001.100) $GBGSV,1,1,00,*47
(001.100) $GBGSV,1,1,00,*47
(001.100) $GNGLL,,,,,121307.00,V,N*52
(001.100) $GNRMC,121308.00,V,,,,,,,091120,,,N,V*1B
(001.100) $GNVTG,,,,,,,,,N*2E
(001.100) $GNGGA,121308.00,,,,,0,04,5.42,,,,,,*46
(001.100) $GNGSA,A,1,04,07,09,,,,,,,,,,8.77,5.42,6.90,1*0D
(001.100) $GNGSA,A,1,75,,,,,,,,,,,,8.77,5.42,6.90,2*06
(001.100) $GNGSA,A,1,,,,,,,,,,,,,8.77,5.42,6.90,3*05
(001.100) $GNGSA,A,1,,,,,,,,,,,,,8.77,5.42,6.90,4*02
(001.100) $GPGSV,1,1,03,04,32,068,29,07,58,169,28,09,71,049,32,1*5A
(001.100) $GPGSV,1,1,03,04,32,068,22,07,58,169,23,09,71,049,26,6*58
(001.100) $GLGSV,2,1,05,65,43,077,29,66,54,318,27,67,09,288,,75,50,086,32,1*7D
(001.100) $GLGSV,2,2,05,1*7D
(001.100) $GLGSV,2,1,05,65,43,077,18,66,54,318,27,67,09,288,,75,50,086,24,3*7A
(001.100) $GLGSV,2,2,05,82,,,28,3*7F
(001.100) $GAGSV,1,1,00,*44
(001.100) $GAGSV,1,1,00,*44
(001.100) $GBGSV,1,1,00,*47
(001.100) $GBGSV,1,1,00,*47
(001.100) $GNGLL,,,,,121308.00,V,N*5D
(001.100) $GNRMC,121309.00,V,,,,,,,091120,,,N,V*1A
(001.100) $GNVTG,,,,,,,,,N*2E
(001.100) $GNGGA,121309.00,,,,,0,07,1.51,,,,,,*42
(001.100) $GNGSA,A,1,04,07,09,,,,,,,,,,3.47,1.51,3.12,1*0C
(001.100) $GNGSA,A,1,75,65,66,76,,,,,,,,,3.47,1.51,3.12,2*05
(001.100) $GNGSA,A,1,,,,,,,,,,,,,3.47,1.51,3.12,3*04
(001.100) $GNGSA,A,1,,,,,,,,,,,,,3.47,1.51,3.12,4*03
(001.100) $GPGSV,1,1,03,04,32,068,29,07,58,169,27,09,71,049,32,1*55
(001.100) $GPGSV,1,1,03,04,32,068,21,07,58,169,23,09,71,049,27,6*5A
(001.100) $GLGSV,2,1,05,65,43,077,29,66,54,318,27,67,09,288,,75,50,086,32,1*7D
(001.100) $GLGSV,2,2,05,76,,,32,1*7D
(001.100) $GLGSV,2,1,05,65,43,077,18,66,54,318,27,67,09,288,,75,50,086,24,3*7A
(001.100) $GLGSV,2,2,05,82,,,28,3*7F
(001.100) $GAGSV,1,1,00,*44
(001.100) $GAGSV,1,1,00,*44
(001.100) $GBGSV,1,1,00,*47
(001.100) $GBGSV,1,1,00,*47
(001.100) $GNGLL,,,,,121309.00,V,N*5C
(001.100) $GNRMC,121310.00,V,,,,,,,091120,,,N,V*12
(001.100) $GNVTG,,,,,,,,,N*2E
(001.100) $GNGGA,121310.00,,,,,0,07,1.51,,,,,,*4A
(001.100) $GNGSA,A,1,04,07,09,,,,,,,,,,3.47,1.51,3.12,1*0C
(001.100) $GNGSA,A,1,75,65,66,76,,,,,,,,,3.47,1.51,3.12,2*05
(001.100) $GNGSA,A,1,,,,,,,,,,,,,3.47,1.51,3.12,3*04
(001.100) $GNGSA,A,1,,,,,,,,,,,,,3.47,1.51,3.12,4*03
(001.100) $GPGSV,1,1,03,04,32,068,29,07,58,169,28,09,71,049,32,1*5A
(001.100) $GPGSV,1,1,03,04,32,068,22,07,58,169,23,09,71,049,27,6*59
(001.100) $GLGSV,2,1,05,65,43,078,29,66,54,318,27,67,09,288,,75,50,086,32,1*72
(001.100) $GLGSV,2,2,05,76,31,153,32,1*48
(001.100) $GLGSV,2,1,06,65,43,078,17,66,54,318,27,67,09,288,,75,50,086,24,3*79
(001.100) $GLGSV,2,2,06,76,31,153,21,82,,,28,3*4B
(001.100) $GAGSV,1,1,00,*44
(001.100) $GAGSV,1,1,00,*44
(001.100) $GBGSV,1,1,00,*47
(001.100) $GBGSV,1,1,00,*47
(001.100) $GNGLL,,,,,121310.00,V,N*54
(001.100) $GNRMC,121311.00,A,4626.03612,N,01118.79366,E,0.068,,091120,,,A,V*14
(001.100) $GNVTG,,T,,M,0.068,N,0.125,K,A*35
(001.100) $GNGGA,121311.00,4626.03612,N,01118.79366,E,1,07,1.51,237.2,M,46.0,M,,*43
(001.100) $GNGSA,A,3,04,07,09,,,,,,,,,,3.47,1.51,3.12,1*0E
(001.100) $GNGSA,A,3,75,65,66,76,,,,,,,,,3.47,1.51,3.12,2*07
(001.100) $GNGSA,A,3,,,,,,,,,,,,,3.47,1.51,3.12,3*06
(001.100) $GNGSA,A,3,,,,,,,,,,,,,3.47,1.51,3.12,4*01
(001.100) $GPGSV,1,1,03,04,32,068,29,07,58,169,28,09,71,049,32,1*5A
(001.100) $GPGSV,1,1,03,04,32,068,21,07,58,169,23,09,71,049,26,6*5B
(001.100) $GLGSV,2,1,05,65,43,078,29,66,54,318,28,67,09,288,,75,50,086,32,1*7D
(001.100) $GLGSV,2,2,05,76,31,153,32,1*48
(001.100) $GLGSV,2,1,06,65,43,078,17,66,54,318,27,67,09,288,,75,50,086,23,3*7E
(001.100) $GLGSV,2,2,06,76,31,153,20,82,,,28,3*4A
(001.100) $GAGSV,1,1,00,*44
(001.100) $GAGSV,1,1,00,*44
(001.100) $GBGSV,1,1,00,*47
(001.100) $GBGSV,1,1,00,*47
(001.100) $GNGLL,4626.03612,N,01118.79366,E,121311.00,A,A*72
(001.100) $GNRMC,121312.00,A,4626.03618,N,01118.79441,E,0.109,,091120,,,A,V*19
(001.100) $GNVTG,,T,,M,0.109,N,0.201,K,A*36
(001.100) $GNGGA,121312.00,4626.03618,N,01118.79441,E,1,07,1.51,238.9,M,46.0,M,,*4C
(001.100) $GNGSA,A,3,04,07,09,,,,,,,,,,3.47,1.51,3.12,1*0E
(001.100) $GNGSA,A,3,75,65,66,76,,,,,,,,,3.47,1.51,3.12,2*07
(001.100) $GNGSA,A,3,,,,,,,,,,,,,3.47,1.51,3.12,3*06
(001.100) $GNGSA,A,3,,,,,,,,,,,,,3.47,1.51,3.12,4*01
(001.100) $GPGSV,1,1,03,04,32,068,29,07,58,169,28,09,71,049,32,1*5A
(001.100) $GPGSV,1,1,03,04,32,068,21,07,58,169,23,09,71,049,26,6*5B
(001.100) $GLGSV,2,1,05,65,43,078,29,66,54,318,28,67,09,288,,75,50,086,32,1*7D
(001.100) $GLGSV,2,2,05,76,31,153,32,1*48
(001.100) $GLGSV,2,1,06,65,43,078,16,66,54,318,26,67,09,288,,75,50,086,23,3*7E
(001.100) $GLGSV,2,2,06,76,31,153,21,82,,,28,3*4B
(001.100) $GAGSV,1,1,00,*44
(001.100) $GAGSV,1,1,00,*44
(001.100) $GBGSV,1,1,00,*47
(001.100) $GBGSV,1,1,00,*47
(001.100) $GNGLL,4626.03618,N,01118.79441,E,121312.00,A,A*79
(001.100) $GNRMC,121313.00,A,4626.03615,N,01118.79510,E,0.089,,091120,,,A,V*19
(001.100) $GNVTG,,T,,M,0.089,N,0.166,K,A*3D
(001.100) $GNGGA,121313.00,4626.03615,N,01118.79510,E,1,07,1.51,240.4,M,46.0,M,,*47
(001.100) $GNGSA,A,3,04,07,09,,,,,,,,,,3.47,1.51,3.12,1*0E
(001.100) $GNGSA,A,3,75,65,66,76,,,,,,,,,3.47,1.51,3.12,2*07
(001.100) $GNGSA,A,3,,,,,,,,,,,,,3.47,1.51,3.12,3*06
(001.100) $GNGSA,A,3,,,,,,,,,,,,,3.47,1.51,3.12,4*01
(001.100) $GPGSV,1,1,03,04,32,068,29,07,58,169,27,09,71,049,32,1*55
(001.100) $GPGSV,1,1,03,04,32,068,21,07,58,169,23,09,71,049,26,6*5B
(001.100) $GLGSV,2,1,05,65,43,078,29,66,54,318,28,67,09,288,,75,50,086,32,1*7D
(001.100) $GLGSV,2,2,05,76,31,153,32,1*48
(001.100) $GLGSV,2,1,06,65,43,078,16,66,54,318,27,67,09,288,,75,50,086,23,3*7F
(001.100) $GLGSV,2,2,06,76,31,153,21,82,,,28,3*4B
(001.100) $GAGSV,1,1,00,*44
(001.100) $GAGSV,1,1,00,*44
(001.100) $GBGSV,1,1,00,*47
(001.100) $GBGSV,1,1,00,*47
(001.100) $GNGLL,4626.03615,N,01118.79510,E,121313.00,A,A*70
(001.100) $GNRMC,121314.00,A,4626.03622,N,01118.79521,E,0.014,,091120,,,A,V*1C
(001.100) $GNVTG,,T,,M,0.014,N,0.026,K,A*3C
(001.100) $GNGGA,121314.00,4626.03622,N,01118.79521,E,1,07,1.52,240.9,M,46.0,M,,*48
(001.100) $GNGSA,A,3,04,07,09,,,,,,,,,,3.47,1.52,3.12,1*0D
(001.100) $GNGSA,A,3,75,65,66,76,,,,,,,,,3.47,1.52,3.12,2*04
(001.100) $GNGSA,A,3,,,,,,,,,,,,,3.47,1.52,3.12,3*05
(001.100) $GNGSA,A,3,,,,,,,,,,,,,3.47,1.52,3.12,4*02
(001.100) $GPGSV,1,1,03,04,32,068,29,07,58,169,27,09,71,049,32,1*55
(001.100) $GPGSV,1,1,03,04,32,068,21,07,58,169,23,09,71,049,26,6*5B
(001.100) $GLGSV,2,1,05,65,43,078,29,66,54,318,28,67,09,288,,75,50,086,33,1*7C
(001.100) $GLGSV,2,2,05,76,31,153,32,1*48
(001.100) $GLGSV,2,1,06,65,43,078,17,66,54,318,27,67,09,288,,75,50,086,24,3*79
(001.100) $GLGSV,2,2,06,76,31,153,21,82,,,28,3*4B
(001.100) $GAGSV,1,1,00,*44
(001.100) $GAGSV,1,1,00,*44
(001.100) $GBGSV,1,1,00,*47
(001.100) $GBGSV,1,1,00,*47
(001.100) $GNGLL,4626.03622,N,01118.79521,E,121314.00,A,A*71
(001.100) $GNRMC,121315.00,A,4626.03628,N,01118.79544,E,0.044,,091120,,,A,V*11
(001.100) $GNVTG,,T,,M,0.044,N,0.081,K,A*34
(001.100) $GNGGA,121315.00,4626.03628,N,01118.79544,E,1,07,1.52,241.7,M,46.0,M,,*4F
(001.100) $GNGSA,A,3,04,07,09,,,,,,,,,,3.47,1.52,3.12,1*0D
(001.100) $GNGSA,A,3,75,65,66,76,,,,,,,,,3.47,1.52,3.12,2*04
(001.100) $GNGSA,A,3,,,,,,,,,,,,,3.47,1.52,3.12,3*05
(001.100) $GNGSA,A,3,,,,,,,,,,,,,3.47,1.52,3.12,4*02
(001.100) $GPGSV,1,1,03,04,32,068,29,07,58,169,28,09,71,049,32,1*5A
(001.100) $GPGSV,1,1,03,04,32,068,22,07,58,169,24,09,71,049,26,6*5F
(001.100) $GLGSV,2,1,05,65,43,078,29,66,54,318,28,67,09,288,,75,50,086,32,1*7D
(001.100) $GLGSV,2,2,05,76,31,153,32,1*48
(001.100) $GLGSV,2,1,06,65,43,078,17,66,54,318,28,67,09,288,,75,50,086,24,3*76
(001.100) $GLGSV,2,2,06,76,31,153,21,82,,,28,3*4B
(001.100) $GAGSV,1,1,00,*44
(001.100) $GAGSV,1,1,00,*44
(001.100) $GBGSV,1,1,00,*47
(001.100) $GBGSV,1,1,00,*47
(001.100) $GNGLL,4626.03628,N,01118.79544,E,121315.00,A,A*79
(001.100) $GNRMC,121316.00,A,4626.03638,N,01118.79551,E,0.071,,091120,,,A,V*11
(001.100) $GNVTG,,T,,M,0.071,N,0.131,K,A*38
(001.100) $GNGGA,121316.00,4626.03638,N,01118.79551,E,1,07,1.52,242.1,M,46.0,M,,*4C
(001.100) $GNGSA,A,3,04,07,09,,,,,,,,,,3.47,1.52,3.12,1*0D
(001.100) $GNGSA,A,3,75,65,66,76,,,,,,,,,3.47,1.52,3.12,2*04
(001.100) $GNGSA,A,3,,,,,,,,,,,,,3.47,1.52,3.12,3*05
(001.100) $GNGSA,A,3,,,,,,,,,,,,,3.47,1.52,3.12,4*02
(001.100) $GPGSV,1,1,03,04,32,068,29,07,58,169,28,09,71,049,32,1*5A
(001.100) $GPGSV,1,1,03,04,32,068,22,07,58,169,24,09,71,049,26,6*5F
(001.100) $GLGSV,2,1,05,65,43,078,29,66,54,318,28,67,09,288,,75,50,086,32,1*7D
(001.100) $GLGSV,2,2,05,76,31,153,32,1*48
(001.100) $GLGSV,2,1,06,65,43,078,18,66,54,318,27,67,09,288,,75,50,086,24,3*76
(001.100) $GLGSV,2,2,06,76,31,153,21,82,,,28,3*4B
(001.100) $GAGSV,1,1,00,*44
(001.100) $GAGSV,1,1,00,*44
(001.100) $GBGSV,1,1,00,*47
(001.100) $GBGSV,1,1,00,*47
(001.100) $GNGLL,4626.03638,N,01118.79551,E,121316.00,A,A*7F
(001.100) $GNRMC,121317.00,A,4626.03650,N,01118.79551,E,0.049,,091120,,,A,V*15
(001.100) $GNVTG,,T,,M,0.049,N,0.091,K,A*38
(001.100) $GNGGA,121317.00,4626.03650,N,01118.79551,E,1,07,1.52,242.4,M,46.0,M,,*46
(001.100) $GNGSA,A,3,04,07,09,,,,,,,,,,3.47,1.52,3.13,1*0C
(001.100) $GNGSA,A,3,75,65,66,76,,,,,,,,,3.47,1.52,3.13,2*05
(001.100) $GNGSA,A,3,,,,,,,,,,,,,3.47,1.52,3.13,3*04
(001.100) $GNGSA,A,3,,,,,,,,,,,,,3.47,1.52,3.13,4*03
(001.100) $GPGSV,1,1,03,04,32,068,29,07,58,169,28,09,71,049,31,1*59
(001.100) $GPGSV,1,1,03,04,32,068,22,07,58,169,25,09,71,049,26,6*5E
(001.100) $GLGSV,2,1,05,65,43,078,29,66,54,318,27,67,09,288,,75,50,086,33,1*73
(001.100) $GLGSV,2,2,05,76,31,153,32,1*48
(001.100) $GLGSV,2,1,06,65,43,078,17,66,54,318,27,67,09,288,,75,50,086,24,3*79
(001.100) $GLGSV,2,2,06,76,31,153,21,82,,,28,3*4B
(001.100) $GAGSV,1,1,00,*44
(001.100) $GAGSV,1,1,00,*44
(001.100) $GBGSV,1,1,00,*47
(001.100) $GBGSV,1,1,00,*47
(001.100) $GNGLL,4626.03650,N,01118.79551,E,121317.00,A,A*70
(001.100) $GNRMC,121318.00,A,4626.03658,N,01118.79546,E,0.068,,091120,,,A,V*17
(001.100) $GNVTG,,T,,M,0.068,N,0.126,K,A*36
(001.100) $GNGGA,121318.00,4626.03658,N,01118.79546,E,1,07,1.52,242.5,M,46.0,M,,*46
(001.100) $GNGSA,A,3,04,07,09,,,,,,,,,,3.47,1.52,3.13,1*0C
(001.100) $GNGSA,A,3,75,65,66,76,,,,,,,,,3.47,1.52,3.13,2*05
(001.100) $GNGSA,A,3,,,,,,,,,,,,,3.47,1.52,3.13,3*04
(001.100) $GNGSA,A,3,,,,,,,,,,,,,3.47,1.52,3.13,4*03
(001.100) $GPGSV,1,1,03,04,32,068,29,07,58,169,28,09,71,049,31,1*59
(001.100) $GPGSV,1,1,03,04,32,068,22,07,58,169,25,09,71,049,26,6*5E
(001.100) $GLGSV,2,1,05,65,43,078,29,66,54,318,27,67,09,288,,75,50,086,33,1*73
(001.100) $GLGSV,2,2,05,76,31,153,32,1*48
(001.100) $GLGSV,2,1,06,65,43,078,17,66,54,318,27,67,09,288,,75,50,086,24,3*79
(001.100) $GLGSV,2,2,06,76,31,153,20,82,,,28,3*4A
(001.100) $GAGSV,1,1,00,*44
(001.100) $GAGSV,1,1,00,*44
(001.100) $GBGSV,1,1,00,*47
(001.100) $GBGSV,1,1,00,*47
(001.100) $GNGLL,4626.03658,N,01118.79546,E,121318.00,A,A*71
(001.100) $GNRMC,121319.00,A,4626.03667,N,01118.79540,E,0.085,,091120,,,A,V*1F
(001.100) $GNVTG,,T,,M,0.085,N,0.157,K,A*33
(001.100) $GNGGA,121319.00,4626.03667,N,01118.79540,E,1,07,1.52,242.4,M,46.0,M,,*4C
(001.100) $GNGSA,A,3,04,07,09,,,,,,,,,,3.47,1.52,3.13,1*0C
(001.100) $GNGSA,A,3,75,65,66,76,,,,,,,,,3.47,1.52,3.13,2*05
(001.100) $GNGSA,A,3,,,,,,,,,,,,,3.47,1.52,3.13,3*04
(001.100) $GNGSA,A,3,,,,,,,,,,,,,3.47,1.52,3.13,4*03
(001.100) $GPGSV,1,1,03,04,32,068,29,07,58,169,28,09,71,049,31,1*59
(001.100) $GPGSV,1,1,03,04,32,068,22,07,58,169,24,09,71,049,26,6*5F
(001.100) $GLGSV,2,1,05,65,43,078,29,66,54,318,28,67,09,289,,75,50,086,33,1*7D
(001.100) $GLGSV,2,2,05,76,31,153,32,1*48
(001.100) $GLGSV,2,1,06,65,43,078,17,66,54,318,27,67,09,289,,75,50,086,24,3*78
(001.100) $GLGSV,2,2,06,76,31,153,20,82,,,28,3*4A
(001.100) $GAGSV,1,1,00,*44
(001.100) $GAGSV,1,1,00,*44
(001.100) $GBGSV,1,1,00,*47
(001.100) $GBGSV,1,1,00,*47
(001.100) $GNGLL,4626.03667,N,01118.79540,E,121319.00,A,A*7A
(001.100) $GNRMC,121320.00,A,4626.03668,N,01118.79548,E,0.037,,091120,,,A,V*1B
(001.100) $GNVTG,,T,,M,0.037,N,0.068,K,A*37
(001.100) $GNGGA,121320.00,4626.03668,N,01118.79548,E,1,07,1.52,242.8,M,46.0,M,,*4D
(001.100) $GNGSA,A,3,04,07,09,,,,,,,,,,3.47,1.52,3.13,1*0C
(001.100) $GNGSA,A,3,75,65,66,76,,,,,,,,,3.47,1.52,3.13,2*05
(001.100) $GNGSA,A,3,,,,,,,,,,,,,3.47,1.52,3.13,3*04
(001.100) $GNGSA,A,3,,,,,,,,,,,,,3.47,1.52,3.13,4*03
(001.100) $GPGSV,1,1,03,04,32,068,29,07,58,169,28,09,71,049,31,1*59
(001.100) $GPGSV,1,1,03,04,32,068,23,07,58,169,25,09,71,049,26,6*5F
(001.100) $GLGSV,2,1,05,65,43,078,29,66,54,318,28,67,09,289,,75,50,086,33,1*7D
(001.100) $GLGSV,2,2,05,76,31,153,32,1*48
(001.100) $GLGSV,2,1,06,65,43,078,17,66,54,318,27,67,09,289,,75,50,086,24,3*78
(001.100) $GLGSV,2,2,06,76,31,153,19,82,,,28,3*40
(001.100) $GAGSV,1,1,00,*44
(001.100) $GAGSV,1,1,00,*44
(001.100) $GBGSV,1,1,00,*47
(001.100) $GBGSV,1,1,00,*47
(001.100) $GNGLL,4626.03668,N,01118.79548,E,121320.00,A,A*77
(001.100) $GNRMC,121321.00,A,4626.03670,N,01118.79557,E,0.011,,091120,,,A,V*19
(001.100) $GNVTG,,T,,M,0.011,N,0.020,K,A*3F
(001.100) $GNGGA,121321.00,4626.03670,N,01118.79557,E,1,07,1.52,243.0,M,46.0,M,,*42
(001.100) $GNGSA,A,3,04,07,09,,,,,,,,,,3.48,1.52,3.13,1*03
(001.100) $GNGSA,A,3,75,65,66,76,,,,,,,,,3.48,1.52,3.13,2*0A
(001.100) $GNGSA,A,3,,,,,,,,,,,,,3.48,1.52,3.13,3*0B
(001.100) $GNGSA,A,3,,,,,,,,,,,,,3.48,1.52,3.13,4*0C
(001.100) $GPGSV,1,1,03,04,32,068,29,07,58,169,27,09,71,049,32,1*55
(001.100) $GPGSV,1,1,03,04,32,068,23,07,58,169,24,09,71,049,26,6*5E
(001.100) $GLGSV,2,1,05,65,43,078,29,66,54,318,28,67,09,289,,75,50,086,33,1*7D
(001.100) $GLGSV,2,2,05,76,31,153,32,1*48
(001.100) $GLGSV,2,1,06,65,43,078,17,66,54,318,27,67,09,289,,75,50,086,24,3*78
(001.100) $GLGSV,2,2,06,76,31,153,19,82,,,28,3*40
(001.100) $GAGSV,1,1,00,*44
(001.100) $GAGSV,1,1,00,*44
(001.100) $GBGSV,1,1,00,*47
(001.100) $GBGSV,1,1,00,*47
(001.100) $GNGLL,4626.03670,N,01118.79557,E,121321.00,A,A*71
(001.100) $GNRMC,121322.00,A,4626.03672,N,01118.79562,E,0.015,,091120,,,A,V*1A
(001.100) $GNVTG,,T,,M,0.015,N,0.027,K,A*3C
(001.100) $GNGGA,121322.00,4626.03672,N,01118.79562,E,1,07,1.52,243.1,M,46.0,M,,*44
(001.100) $GNGSA,A,3,04,07,09,,,,,,,,,,3.48,1.52,3.13,1*03
(001.100) $GNGSA,A,3,75,65,66,76,,,,,,,,,3.48,1.52,3.13,2*0A
(001.100) $GNGSA,A,3,,,,,,,,,,,,,3.48,1.52,3.13,3*0B
(001.100) $GNGSA,A,3,,,,,,,,,,,,,3.48,1.52,3.13,4*0C
(001.100) $GPGSV,1,1,03,04,32,068,29,07,58,169,28,09,71,049,32,1*5A
(001.100) $GPGSV,1,1,03,04,32,068,23,07,58,169,25,09,71,049,26,6*5F
(001.100) $GLGSV,2,1,05,65,43,078,29,66,54,318,28,67,09,289,,75,50,086,33,1*7D
(001.100) $GLGSV,2,2,05,76,31,153,31,1*4B
(001.100) $GLGSV,2,1,06,65,43,078,19,66,54,318,27,67,09,289,,75,50,086,24,3*76
(001.100) $GLGSV,2,2,06,76,31,153,19,82,,,28,3*40
(001.100) $GAGSV,1,1,00,*44
(001.100) $GAGSV,1,1,00,*44
(001.100) $GBGSV,1,1,00,*47
(001.100) $GBGSV,1,1,00,*47
(001.100) $GNGLL,4626.03672,N,01118.79562,E,121322.00,A,A*76
(001.100) $GNRMC,121323.00,A,4626.03671,N,01118.79570,E,0.041,,091120,,,A,V*1A
(001.100) $GNVTG,,T,,M,0.041,N,0.076,K,A*39
(001.100) $GNGGA,121323.00,4626.03671,N,01118.79570,E,1,07,1.52,243.5,M,46.0,M,,*41
(001.100) $GNGSA,A,3,04,07,09,,,,,,,,,,3.48,1.52,3.13,1*03
(001.100) $GNGSA,A,3,75,65,66,76,,,,,,,,,3.48,1.52,3.13,2*0A
(001.100) $GNGSA,A,3,,,,,,,,,,,,,3.48,1.52,3.13,3*0B
(001.100) $GNGSA,A,3,,,,,,,,,,,,,3.48,1.52,3.13,4*0C
(001.100) $GPGSV,1,1,03,04,32,068,29,07,58,169,28,09,71,049,31,1*59
(001.100) $GPGSV,1,1,03,04,32,068,23,07,58,169,25,09,71,049,27,6*5E
(001.100) $GLGSV,2,1,05,65,43,078,29,66,54,318,27,67,09,289,,75,50,086,33,1*72
(001.100) $GLGSV,2,2,05,76,31,153,32,1*48
(001.100) $GLGSV,2,1,06,65,43,078,18,66,54,318,27,67,09,289,,75,50,086,24,3*77
(001.100) $GLGSV,2,2,06,76,31,153,20,82,,,29,3*4B
(001.100) $GAGSV,1,1,00,*44
(001.100) $GAGSV,1,1,00,*44
(001.100) $GBGSV,1,1,00,*47
(001.100) $GBGSV,1,1,00,*47
(001.100) $GNGLL,4626.03671,N,01118.79570,E,121323.00,A,A*77
(001.100) $GNRMC,121324.00,A,4626.03669,N,01118.79578,E,0.013,,091120,,,A,V*1B
(001.100) $GNVTG,,T,,M,0.013,N,0.024,K,A*39
(001.100) $GNGGA,121324.00,4626.03669,N,01118.79578,E,1,07,1.52,243.9,M,46.0,M,,*4B
(001.100) $GNGSA,A,3,04,07,09,,,,,,,,,,3.48,1.52,3.13,1*03
(001.100) $GNGSA,A,3,75,65,66,76,,,,,,,,,3.48,1.52,3.13,2*0A
(001.100) $GNGSA,A,3,,,,,,,,,,,,,3.48,1.52,3.13,3*0B
(001.100) $GNGSA,A,3,,,,,,,,,,,,,3.48,1.52,3.13,4*0C
(001.100) $GPGSV,1,1,03,04,32,068,29,07,58,169,28,09,71,049,31,1*59
(001.100) $GPGSV,1,1,03,04,32,068,22,07,58,169,24,09,71,049,26,6*5F
(001.100) $GLGSV,2,1,06,65,43,078,29,66,54,318,27,67,09,289,,72,05,095,,1*74
(001.100) $GLGSV,2,2,06,75,50,086,33,76,31,153,32,1*72
(001.100) $GLGSV,2,1,07,65,43,078,18,66,54,318,27,67,09,289,,72,05,095,,3*75
(001.100) $GLGSV,2,2,07,75,50,086,24,76,31,153,20,82,,,28,3*74
(001.100) $GAGSV,1,1,00,*44
(001.100) $GAGSV,1,1,00,*44
(001.100) $GBGSV,1,1,00,*47
(001.100) $GBGSV,1,1,00,*47
(001.100) $GNGLL,4626.03669,N,01118.79578,E,121324.00,A,A*71
(001.100) $GNRMC,121325.00,A,4626.03664,N,01118.79592,E,0.095,,091120,,,A,V*1D
(001.100) $GNVTG,,T,,M,0.095,N,0.177,K,A*30
(001.100) $GNGGA,121325.00,4626.03664,N,01118.79592,E,1,07,1.52,244.3,M,46.0,M,,*4E
(001.100) $GNGSA,A,3,04,07,09,,,,,,,,,,3.48,1.52,3.13,1*03
(001.100) $GNGSA,A,3,75,65,66,76,,,,,,,,,3.48,1.52,3.13,2*0A
(001.100) $GNGSA,A,3,,,,,,,,,,,,,3.48,1.52,3.13,3*0B
(001.100) $GNGSA,A,3,,,,,,,,,,,,,3.48,1.52,3.13,4*0C
(001.100) $GPGSV,1,1,03,04,32,068,29,07,58,169,28,09,71,049,31,1*59
(001.100) $GPGSV,1,1,03,04,32,068,23,07,58,169,25,09,71,049,26,6*5F
(001.100) $GLGSV,2,1,06,65,43,078,29,66,54,318,27,67,09,289,,72,05,095,,1*74
(001.100) $GLGSV,2,2,06,75,50,086,33,76,31,153,32,1*72
(001.100) $GLGSV,2,1,07,65,43,078,18,66,54,318,27,67,09,289,,72,05,095,,3*75
(001.100) $GLGSV,2,2,07,75,50,086,24,76,31,153,20,82,,,28,3*74
(001.100) $GAGSV,1,1,00,*44
(001.100) $GAGSV,1,1,00,*44
(001.100) $GBGSV,1,1,00,*47
(001.100) $GBGSV,1,1,00,*47
(001.100) $GNGLL,4626.03664,N,01118.79592,E,121325.00,A,A*79
(001.100) $GNRMC,121326.00,A,4626.03660,N,01118.79605,E,0.063,,091120,,,A,V*1E
(001.100) $GNVTG,,T,,M,0.063,N,0.117,K,A*3F
(001.100) $GNGGA,121326.00,4626.03660,N,01118.79605,E,1,07,1.52,244.7,M,46.0,M,,*40
(001.100) $GNGSA,A,3,04,07,09,,,,,,,,,,3.48,1.52,3.13,1*03
(001.100) $GNGSA,A,3,75,65,66,76,,,,,,,,,3.48,1.52,3.13,2*0A
(001.100) $GNGSA,A,3,,,,,,,,,,,,,3.48,1.52,3.13,3*0B
(001.100) $GNGSA,A,3,,,,,,,,,,,,,3.48,1.52,3.13,4*0C
(001.100) $GPGSV,1,1,03,04,32,068,29,07,58,169,28,09,71,049,31,1*59
(001.100) $GPGSV,1,1,03,04,32,068,22,07,58,169,24,09,71,049,26,6*5F
(001.100) $GLGSV,2,1,06,65,43,078,29,66,54,318,27,67,09,289,,72,05,095,,1*74
(001.100) $GLGSV,2,2,06,75,50,086,33,76,31,153,32,1*72
(001.100) $GLGSV,2,1,07,65,43,078,18,66,54,318,27,67,09,289,,72,05,095,,3*75
(001.100) $GLGSV,2,2,07,75,50,086,24,76,31,153,20,82,,,28,3*74
(001.100) $GAGSV,1,1,00,*44
(001.100) $GAGSV,1,1,00,*44
(001.100) $GBGSV,1,1,00,*47
(001.100) $GBGSV,1,1,00,*47
(001.100) $GNGLL,4626.03660,N,01118.79605,E,121326.00,A,A*73
(001.100) $GNRMC,121327.00,A,4626.03655,N,01118.79621,E,0.061,,091120,,,A,V*1D
(001.100) $GNVTG,,T,,M,0.061,N,0.112,K,A*38
(001.100) $GNGGA,121327.00,4626.03655,N,01118.79621,E,1,07,1.52,245.1,M,46.0,M,,*46
(001.100) $GNGSA,A,3,04,07,09,,,,,,,,,,3.48,1.52,3.13,1*03
(001.100) $GNGSA,A,3,75,65,66,76,,,,,,,,,3.48,1.52,3.13,2*0A
(001.100) $GNGSA,A,3,,,,,,,,,,,,,3.48,1.52,3.13,3*0B
(001.100) $GNGSA,A,3,,,,,,,,,,,,,3.48,1.52,3.13,4*0C
(001.100) $GPGSV,1,1,03,04,32,068,29,07,58,169,28,09,71,049,31,1*59
(001.100) $GPGSV,1,1,03,04,32,068,22,07,58,169,24,09,71,049,25,6*5C
(001.100) $GLGSV,2,1,06,65,43,078,29,66,54,318,27,67,09,289,,72,05,095,,1*74
(001.100) $GLGSV,2,2,06,75,50,086,32,76,31,153,32,1*73
(001.100) $GLGSV,2,1,07,65,43,078,18,66,54,318,27,67,09,289,,72,05,095,,3*75
(001.100) $GLGSV,2,2,07,75,50,086,24,76,31,153,19,82,,,28,3*7E
(001.100) $GAGSV,1,1,00,*44
(001.100) $GAGSV,1,1,00,*44
(001.100) $GBGSV,1,1,00,*47
(001.100) $GBGSV,1,1,00,*47
(001.100) $GNGLL,4626.03655,N,01118.79621,E,121327.00,A,A*72
(001.100) $GNRMC,121328.00,A,4626.03651,N,01118.79628,E,0.157,,091120,,,A,V*1B
(001.100) $GNVTG,,T,,M,0.157,N,0.290,K,A*35
(001.100) $GNGGA,121328.00,4626.03651,N,01118.79628,E,1,07,1.52,245.3,M,46.0,M,,*46
(001.100) $GNGSA,A,3,04,07,09,,,,,,,,,,3.48,1.52,3.13,1*03
(001.100) $GNGSA,A,3,75,65,66,76,,,,,,,,,3.48,1.52,3.13,2*0A
(001.100) $GNGSA,A,3,,,,,,,,,,,,,3.48,1.52,3.13,3*0B
(001.100) $GNGSA,A,3,,,,,,,,,,,,,3.48,1.52,3.13,4*0C
(001.100) $GPGSV,1,1,03,04,32,068,29,07,58,169,28,09,71,049,31,1*59
(001.100) $GPGSV,1,1,03,04,32,068,22,07,58,169,24,09,71,049,26,6*5F
(001.100) $GLGSV,2,1,06,65,43,078,29,66,54,318,27,67,09,289,,72,05,095,,1*74
(001.100) $GLGSV,2,2,06,75,50,086,33,76,31,153,32,1*72
(001.100) $GLGSV,2,1,07,65,43,078,18,66,54,318,27,67,09,289,,72,05,095,,3*75
(001.100) $GLGSV,2,2,07,75,50,086,23,76,31,153,18,82,,,28,3*78
(001.100) $GAGSV,1,1,00,*44
(001.100) $GAGSV,1,1,00,*44
(001.100) $GBGSV,1,1,00,*47
(001.100) $GBGSV,1,1,00,*47
(001.100) $GNGLL,4626.03651,N,01118.79628,E,121328.00,A,A*70
(001.100) $GNRMC,121329.00,A,4626.03648,N,01118.79635,E,0.089,,091120,,,A,V*1C
(001.100) $GNVTG,,T,,M,0.089,N,0.165,K,A*3E
(001.100) $GNGGA,121329.00,4626.03648,N,01118.79635,E,1,07,1.52,245.5,M,46.0,M,,*45
(001.100) $GNGSA,A,3,04,07,09,,,,,,,,,,3.48,1.52,3.13,1*03
(001.100) $GNGSA,A,3,75,65,66,76,,,,,,,,,3.48,1.52,3.13,2*0A
(001.100) $GNGSA,A,3,,,,,,,,,,,,,3.48,1.52,3.13,3*0B
(001.100) $GNGSA,A,3,,,,,,,,,,,,,3.48,1.52,3.13,4*0C
(001.100) $GPGSV,1,1,03,04,32,068,29,07,58,169,28,09,71,049,31,1*59
(001.100) $GPGSV,1,1,03,04,32,068,22,07,58,169,24,09,71,049,27,6*5E
(001.100) $GLGSV,2,1,06,65,43,078,29,66,54,318,27,67,09,289,,72,05,095,,1*74
(001.100) $GLGSV,2,2,06,75,50,086,33,76,31,153,32,1*72
(001.100) $GLGSV,2,1,07,65,43,078,17,66,54,318,27,67,09,289,,72,05,095,,3*7A
(001.100) $GLGSV,2,2,07,75,50,086,23,76,31,153,18,82,,,28,3*78
(001.100) $GAGSV,1,1,00,*44
(001.100) $GAGSV,1,1,00,*44
(001.100) $GBGSV,1,1,00,*47
(001.100) $GBGSV,1,1,00,*47
(001.100) $GNGLL,4626.03648,N,01118.79635,E,121329.00,A,A*75
(001.100) $GNRMC,121330.00,A,4626.03648,N,01118.79643,E,0.128,,091120,,,A,V*1F
(001.100) $GNVTG,,T,,M,0.128,N,0.237,K,A*30
(001.100) $GNGGA,121330.00,4626.03648,N,01118.79643,E,1,07,1.52,245.7,M,46.0,M,,*4E
(001.100) $GNGSA,A,3,04,07,09,,,,,,,,,,3.48,1.52,3.13,1*03
(001.100) $GNGSA,A,3,75,65,66,76,,,,,,,,,3.48,1.52,3.13,2*0A
(001.100) $GNGSA,A,3,,,,,,,,,,,,,3.48,1.52,3.13,3*0B
(001.100) $GNGSA,A,3,,,,,,,,,,,,,3.48,1.52,3.13,4*0C
(001.100) $GPGSV,1,1,03,04,32,068,29,07,59,169,28,09,71,049,31,1*58
(001.100) $GPGSV,1,1,03,04,32,068,21,07,59,169,24,09,71,049,26,6*5D
(001.100) $GLGSV,2,1,06,65,43,078,29,66,54,318,26,67,09,289,,72,05,095,,1*75
(001.100) $GLGSV,2,2,06,75,50,086,32,76,31,153,32,1*73
(001.100) $GLGSV,2,1,07,65,43,078,16,66,54,318,27,67,09,289,,72,05,095,,3*7B
(001.100) $GLGSV,2,2,07,75,50,086,23,76,31,153,18,82,,,28,3*78
(001.100) $GAGSV,1,1,00,*44
(001.100) $GAGSV,1,1,00,*44
(001.100) $GBGSV,1,1,00,*47
(001.100) $GBGSV,1,1,00,*47
(001.100) $GNGLL,4626.03648,N,01118.79643,E,121330.00,A,A*7C
(001.100) $GNRMC,121331.00,A,4626.03644,N,01118.79648,E,0.160,,091120,,,A,V*15
(001.100) $GNVTG,,T,,M,0.160,N,0.297,K,A*36
(001.100) $GNGGA,121331.00,4626.03644,N,01118.79648,E,1,07,1.52,245.9,M,46.0,M,,*46
(001.100) $GNGSA,A,3,04,07,09,,,,,,,,,,3.48,1.52,3.13,1*03
(001.100) $GNGSA,A,3,75,65,66,76,,,,,,,,,3.48,1.52,3.13,2*0A
(001.100) $GNGSA,A,3,,,,,,,,,,,,,3.48,1.52,3.13,3*0B
(001.100) $GNGSA,A,3,,,,,,,,,,,,,3.48,1.52,3.13,4*0C
(001.100) $GPGSV,1,1,03,04,32,068,29,07,59,169,28,09,71,049,31,1*58
(001.100) $GPGSV,1,1,03,04,32,068,22,07,59,169,25,09,71,049,26,6*5F
(001.100) $GLGSV,2,1,06,65,43,078,29,66,54,318,27,67,09,289,,72,05,095,,1*74
(001.100) $GLGSV,2,2,06,75,50,086,33,76,31,153,32,1*72
(001.100) $GLGSV,2,1,07,65,43,078,15,66,54,318,27,67,09,289,,72,05,095,,3*78
(001.100) $GLGSV,2,2,07,75,50,086,23,76,31,153,19,82,,,28,3*79
(001.100) $GAGSV,1,1,00,*44
(001.100) $GAGSV,1,1,00,*44
(001.100) $GBGSV,1,1,00,*47
(001.100) $GBGSV,1,1,00,*47
(001.100) $GNGLL,4626.03644,N,01118.79648,E,121331.00,A,A*7A
(001.100) $GNRMC,121332.00,A,4626.03628,N,01118.79647,E,0.703,,091120,,,A,V*10
(001.100) $GNVTG,,T,,M,0.703,N,1.302,K,A*39
(001.100) $GNGGA,121332.00,4626.03628,N,01118.79647,E,1,07,1.52,246.1,M,46.0,M,,*4B
(001.100) $GNGSA,A,3,04,07,09,,,,,,,,,,3.48,1.52,3.13,1*03
(001.100) $GNGSA,A,3,75,65,66,76,,,,,,,,,3.48,1.52,3.13,2*0A
(001.100) $GNGSA,A,3,,,,,,,,,,,,,3.48,1.52,3.13,3*0B
(001.100) $GNGSA,A,3,,,,,,,,,,,,,3.48,1.52,3.13,4*0C
(001.100) $GPGSV,1,1,03,04,32,068,29,07,59,169,28,09,71,049,32,1*5B
(001.100) $GPGSV,1,1,03,04,32,068,22,07,59,169,25,09,71,049,25,6*5C
(001.100) $GLGSV,2,1,07,65,43,078,29,66,54,318,27,67,09,289,,72,05,095,,1*75
(001.100) $GLGSV,2,2,07,74,16,026,27,75,50,086,33,76,31,153,32,1*46
(001.100) $GLGSV,2,1,08,65,43,078,15,66,54,318,27,67,09,289,,72,05,095,,3*77
(001.100) $GLGSV,2,2,08,74,16,026,,75,50,086,23,76,31,153,20,82,,,29,3*4D
(001.100) $GAGSV,1,1,00,*44
(001.100) $GAGSV,1,1,00,*44
(001.100) $GBGSV,1,1,00,*47
(001.100) $GBGSV,1,1,00,*47
(001.100) $GNGLL,4626.03628,N,01118.79647,E,121332.00,A,A*7C
(001.100) $GNRMC,121333.00,A,4626.03599,N,01118.79649,E,1.098,234.24,091120,,,A,V*0F
(001.100) $GNVTG,234.24,T,,M,1.098,N,2.033,K,A*22
(001.100) $GNGGA,121333.00,4626.03599,N,01118.79649,E,1,07,1.52,246.2,M,46.0,M,,*4E
(001.100) $GNGSA,A,3,04,07,09,,,,,,,,,,3.48,1.52,3.13,1*03
(001.100) $GNGSA,A,3,75,65,66,76,,,,,,,,,3.48,1.52,3.13,2*0A
(001.100) $GNGSA,A,3,,,,,,,,,,,,,3.48,1.52,3.13,3*0B
(001.100) $GNGSA,A,3,,,,,,,,,,,,,3.48,1.52,3.13,4*0C
(001.100) $GPGSV,1,1,03,04,32,068,28,07,59,169,28,09,71,049,31,1*59
(001.100) $GPGSV,1,1,03,04,32,068,23,07,59,169,25,09,71,049,25,6*5D
(001.100) $GLGSV,2,1,07,65,43,078,29,66,54,318,27,67,09,289,,72,05,095,,1*75
(001.100) $GLGSV,2,2,07,74,16,026,27,75,50,086,33,76,31,153,31,1*45
(001.100) $GLGSV,2,1,08,65,43,078,15,66,54,318,27,67,09,289,,72,05,095,,3*77
(001.100) $GLGSV,2,2,08,74,16,026,,75,50,086,23,76,31,153,19,82,,,29,3*47
(001.100) $GAGSV,1,1,00,*44
(001.100) $GAGSV,1,1,00,*44
(001.100) $GBGSV,1,1,00,*47
(001.100) $GBGSV,1,1,00,*47
(001.100) $GNGLL,4626.03599,N,01118.79649,E,121333.00,A,A*7A
(001.100) $GNRMC,121334.00,A,4626.03552,N,01118.79645,E,1.899,197.47,091120,,,A,V*05
(001.100) $GNVTG,197.47,T,,M,1.899,N,3.517,K,A*26
(001.100) $GNGGA,121334.00,4626.03552,N,01118.79645,E,1,07,1.52,246.2,M,46.0,M,,*42
(001.100) $GNGSA,A,3,04,07,09,,,,,,,,,,3.48,1.52,3.13,1*03
(001.100) $GNGSA,A,3,75,65,66,76,,,,,,,,,3.48,1.52,3.13,2*0A
(001.100) $GNGSA,A,3,,,,,,,,,,,,,3.48,1.52,3.13,3*0B
(001.100) $GNGSA,A,3,,,,,,,,,,,,,3.48,1.52,3.13,4*0C
(001.100) $GPGSV,1,1,03,04,32,068,28,07,59,169,28,09,71,049,32,1*5A
(001.100) $GPGSV,1,1,03,04,32,068,23,07,59,169,25,09,71,049,25,6*5D
(001.100) $GLGSV,2,1,07,65,43,078,29,66,54,318,27,67,09,289,,72,05,095,,1*75
(001.100) $GLGSV,2,2,07,74,16,026,26,75,50,086,32,76,31,153,32,1*46
(001.100) $GLGSV,2,1,08,65,43,078,14,66,54,318,28,67,09,289,,72,05,095,,3*79
(001.100) $GLGSV,2,2,08,74,16,026,,75,50,086,24,76,31,153,20,82,,,29,3*4A
(001.100) $GAGSV,1,1,00,*44
(001.100) $GAGSV,1,1,00,*44
(001.100) $GBGSV,1,1,00,*47
(001.100) $GBGSV,1,1,00,*47
(001.100) $GNGLL,4626.03552,N,01118.79645,E,121334.00,A,A*76
(001.100) $GNRMC,121335.00,A,4626.03440,N,01118.79607,E,5.039,194.52,091120,,,A,V*01
(001.100) $GNVTG,194.52,T,,M,5.039,N,9.332,K,A*2C
(001.100) $GNGGA,121335.00,4626.03440,N,01118.79607,E,1,07,1.52,246.2,M,46.0,M,,*47
(001.100) $GNGSA,A,3,04,07,09,,,,,,,,,,3.48,1.52,3.13,1*03
(001.100) $GNGSA,A,3,75,65,66,76,,,,,,,,,3.48,1.52,3.13,2*0A
(001.100) $GNGSA,A,3,,,,,,,,,,,,,3.48,1.52,3.13,3*0B
(001.100) $GNGSA,A,3,,,,,,,,,,,,,3.48,1.52,3.13,4*0C
(001.100) $GPGSV,1,1,03,04,32,068,28,07,59,169,28,09,71,049,33,1*5B
(001.100) $GPGSV,1,1,03,04,32,068,24,07,59,169,24,09,71,049,25,6*5B
(001.100) $GLGSV,2,1,07,65,43,078,29,66,54,318,27,67,09,289,,72,05,095,,1*75
(001.100) $GLGSV,2,2,07,74,16,026,26,75,50,086,32,76,31,153,32,1*46
(001.100) $GLGSV,2,1,08,65,43,078,15,66,54,318,27,67,09,289,,72,05,095,,3*77
(001.100) $GLGSV,2,2,08,74,16,026,,75,50,086,24,76,31,153,21,82,,,27,3*45
(001.100) $GAGSV,1,1,00,*44
(001.100) $GAGSV,1,1,00,*44
(001.100) $GBGSV,1,1,00,*47
(001.100) $GBGSV,1,1,00,*47
(001.100) $GNGLL,4626.03440,N,01118.79607,E,121335.00,A,A*73
(001.100) $GNRMC,121336.00,A,4626.03220,N,01118.79518,E,9.410,195.26,091120,,,A,V*0E
(001.100) $GNVTG,195.26,T,,M,9.410,N,17.427,K,A*11
(001.100) $GNGGA,121336.00,4626.03220,N,01118.79518,E,1,07,1.52,246.3,M,46.0,M,,*48
(001.100) $GNGSA,A,3,04,07,09,,,,,,,,,,3.48,1.52,3.13,1*03
(001.100) $GNGSA,A,3,75,65,66,76,,,,,,,,,3.48,1.52,3.13,2*0A
(001.100) $GNGSA,A,3,,,,,,,,,,,,,3.48,1.52,3.13,3*0B
(001.100) $GNGSA,A,3,,,,,,,,,,,,,3.48,1.52,3.13,4*0C
(001.100) $GPGSV,1,1,03,04,32,068,25,07,59,169,29,09,71,049,33,1*57
(001.100) $GPGSV,1,1,03,04,32,068,26,07,59,169,22,09,71,049,25,6*5F
(001.100) $GLGSV,2,1,07,65,43,078,29,66,54,318,27,67,09,289,,72,05,095,,1*75
(001.100) $GLGSV,2,2,07,74,16,026,27,75,50,086,31,76,31,153,32,1*44
(001.100) $GLGSV,2,1,08,65,43,078,17,66,54,318,26,67,09,289,,72,05,095,,3*74
(001.100) $GLGSV,2,2,08,74,16,026,,75,50,086,25,76,31,153,21,82,,,26,3*45
(001.100) $GAGSV,1,1,00,*44
(001.100) $GAGSV,1,1,00,*44
(001.100) $GBGSV,1,1,00,*47
(001.100) $GBGSV,1,1,00,*47
(001.100) $GNGLL,4626.03220,N,01118.79518,E,121336.00,A,A*7D
(001.100) $GNRMC,121337.00,A,4626.02938,N,01118.79403,E,10.965,195.57,091120,,,A,V*36
(001.100) $GNVTG,195.57,T,,M,10.965,N,20.307,K,A*21
(001.100) $GNGGA,121337.00,4626.02938,N,01118.79403,E,1,07,1.52,246.4,M,46.0,M,,*46
(001.100) $GNGSA,A,3,04,07,09,,,,,,,,,,3.48,1.52,3.13,1*03
(001.100) $GNGSA,A,3,75,65,66,76,,,,,,,,,3.48,1.52,3.13,2*0A
(001.100) $GNGSA,A,3,,,,,,,,,,,,,3.48,1.52,3.13,3*0B
(001.100) $GNGSA,A,3,,,,,,,,,,,,,3.48,1.52,3.13,4*0C
(001.100) $GPGSV,1,1,03,04,32,068,24,07,59,169,29,09,71,049,33,1*56
(001.100) $GPGSV,1,1,03,04,32,068,26,07,59,169,21,09,71,049,26,6*5F
(001.100) $GLGSV,2,1,07,65,43,078,29,66,54,318,26,67,09,289,,72,05,095,,1*74
(001.100) $GLGSV,2,2,07,74,16,026,28,75,50,086,31,76,31,153,31,1*48
(001.100) $GLGSV,2,1,08,65,43,078,17,66,54,318,26,67,09,289,,72,05,095,,3*74
(001.100) $GLGSV,2,2,08,74,16,026,,75,50,086,26,76,31,153,21,82,,,25,3*45
(001.100) $GAGSV,1,1,00,*44
(001.100) $GAGSV,1,1,00,*44
(001.100) $GBGSV,1,1,00,*47
(001.100) $GBGSV,1,1,00,*47
(001.100) $GNGLL,4626.02938,N,01118.79403,E,121337.00,A,A*74
(001.100) $GNRMC,121338.00,A,4626.02698,N,01118.79304,E,8.284,194.09,091120,,,A,V*0B
(001.100) $GNVTG,194.09,T,,M,8.284,N,15.342,K,A*11
(001.100) $GNGGA,121338.00,4626.02698,N,01118.79304,E,1,07,1.52,246.2,M,46.0,M,,*4A
(001.100) $GNGSA,A,3,04,07,09,,,,,,,,,,3.48,1.52,3.13,1*03
(001.100) $GNGSA,A,3,75,65,66,76,,,,,,,,,3.48,1.52,3.13,2*0A
(001.100) $GNGSA,A,3,,,,,,,,,,,,,3.48,1.52,3.13,3*0B
(001.100) $GNGSA,A,3,,,,,,,,,,,,,3.48,1.52,3.13,4*0C
(001.100) $GPGSV,1,1,03,04,32,068,24,07,59,169,29,09,71,049,33,1*56
(001.100) $GPGSV,1,1,03,04,32,068,26,07,59,169,21,09,71,049,25,6*5C
(001.100) $GLGSV,2,1,07,65,43,078,29,66,54,318,27,67,09,289,,72,05,095,,1*75
(001.100) $GLGSV,2,2,07,74,16,026,28,75,50,086,32,76,31,153,32,1*48
(001.100) $GLGSV,2,1,08,65,43,078,17,66,54,318,26,67,09,289,,72,05,095,,3*74
(001.100) $GLGSV,2,2,08,74,16,026,,75,50,086,26,76,31,153,20,82,,,25,3*44
(001.100) $GAGSV,1,1,00,*44
(001.100) $GAGSV,1,1,00,*44
(001.100) $GBGSV,1,1,00,*47
(001.100) $GBGSV,1,1,00,*47
(001.100) $GNGLL,4626.02698,N,01118.79304,E,121338.00,A,A*7E
(001.100) $GNRMC,121339.00,A,4626.02430,N,01118.79162,E,10.982,198.71,091120,,,A,V*3F
(001.100) $GNVTG,198.71,T,,M,10.982,N,20.338,K,A*2D
(001.100) $GNGGA,121339.00,4626.02430,N,01118.79162,E,1,07,1.52,246.1,M,46.0,M,,*4A
(001.100) $GNGSA,A,3,04,07,09,,,,,,,,,,3.48,1.52,3.13,1*03
(001.100) $GNGSA,A,3,75,65,66,76,,,,,,,,,3.48,1.52,3.13,2*0A
(001.100) $GNGSA,A,3,,,,,,,,,,,,,3.48,1.52,3.13,3*0B
(001.100) $GNGSA,A,3,,,,,,,,,,,,,3.48,1.52,3.13,4*0C
(001.100) $GPGSV,1,1,03,04,32,068,25,07,59,169,29,09,71,049,33,1*57
(001.100) $GPGSV,1,1,03,04,32,068,27,07,59,169,20,09,71,049,25,6*5C
(001.100) $GLGSV,2,1,07,65,43,078,29,66,54,318,26,67,09,289,,72,05,095,,1*74
(001.100) $GLGSV,2,2,07,74,16,026,28,75,50,086,31,76,31,153,31,1*48
(001.100) $GLGSV,2,1,08,65,43,078,16,66,54,318,26,67,09,289,,72,05,095,,3*75
(001.100) $GLGSV,2,2,08,74,16,026,,75,50,086,26,76,31,153,20,82,,,24,3*45
(001.100) $GAGSV,1,1,00,*44
(001.100) $GAGSV,1,1,00,*44
(001.100) $GBGSV,1,1,00,*47
(001.100) $GBGSV,1,1,00,*47
(001.100) $GNGLL,4626.02430,N,01118.79162,E,121339.00,A,A*7D
(001.100) $GNRMC,121340.00,A,4626.02072,N,01118.78950,E,15.095,200.60,091120,,,A,V*33
(001.100) $GNVTG,200.60,T,,M,15.095,N,27.955,K,A*23
(001.100) $GNGGA,121340.00,4626.02072,N,01118.78950,E,1,07,1.52,246.0,M,46.0,M,,*4F
(001.100) $GNGSA,A,3,04,07,09,,,,,,,,,,3.48,1.52,3.13,1*03
(001.100) $GNGSA,A,3,75,65,66,76,,,,,,,,,3.48,1.52,3.13,2*0A
(001.100) $GNGSA,A,3,,,,,,,,,,,,,3.48,1.52,3.13,3*0B
(001.100) $GNGSA,A,3,,,,,,,,,,,,,3.48,1.52,3.13,4*0C
(001.100) $GPGSV,1,1,03,04,32,068,26,07,59,169,29,09,71,049,32,1*55
(001.100) $GPGSV,1,1,03,04,32,068,27,07,59,169,19,09,71,049,25,6*56
(001.100) $GLGSV,2,1,07,65,43,078,29,66,54,318,26,67,09,289,,72,05,095,,1*74
(001.100) $GLGSV,2,2,07,74,16,026,28,75,50,086,31,76,31,153,31,1*48
(001.100) $GLGSV,2,1,08,65,43,078,15,66,54,318,26,67,09,289,,72,05,095,,3*76
(001.100) $GLGSV,2,2,08,74,16,026,,75,50,086,26,76,31,153,19,82,,,24,3*4F
(001.100) $GAGSV,1,1,00,*44
(001.100) $GAGSV,1,1,00,*44
(001.100) $GBGSV,1,1,00,*47
(001.100) $GBGSV,1,1,00,*47
(001.100) $GNGLL,4626.02072,N,01118.78950,E,121340.00,A,A*79
(001.100) $GNRMC,121341.00,A,4626.01605,N,01118.78690,E,19.189,199.20,091120,,,A,V*33
(001.100) $GNVTG,199.20,T,,M,19.189,N,35.538,K,A*20
(001.100) $GNGGA,121341.00,4626.01605,N,01118.78690,E,1,07,1.52,245.8,M,46.0,M,,*43
(001.100) $GNGSA,A,3,04,07,09,,,,,,,,,,3.48,1.52,3.13,1*03
(001.100) $GNGSA,A,3,75,65,66,76,,,,,,,,,3.48,1.52,3.13,2*0A
(001.100) $GNGSA,A,3,,,,,,,,,,,,,3.48,1.52,3.13,3*0B
(001.100) $GNGSA,A,3,,,,,,,,,,,,,3.48,1.52,3.13,4*0C
(001.100) $GPGSV,1,1,03,04,32,068,26,07,59,169,29,09,71,049,32,1*55
(001.100) $GPGSV,1,1,03,04,32,068,27,07,59,169,19,09,71,049,25,6*56
(001.100) $GLGSV,2,1,07,65,43,078,29,66,54,318,26,67,09,289,,72,05,095,,1*74
(001.100) $GLGSV,2,2,07,74,16,026,28,75,50,086,31,76,31,153,31,1*48
(001.100) $GLGSV,2,1,08,65,43,078,15,66,54,318,26,67,09,289,,72,05,095,,3*76
(001.100) $GLGSV,2,2,08,74,16,026,,75,50,086,26,76,31,153,19,82,,,24,3*4F
(001.100) $GAGSV,1,1,00,*44
(001.100) $GAGSV,1,1,00,*44
(001.100) $GBGSV,1,1,00,*47
(001.100) $GBGSV,1,1,00,*47
(001.100) $GNGLL,4626.01605,N,01118.78690,E,121341.00,A,A*7E
(001.100) $GNRMC,121342.00,A,4626.01051,N,01118.78434,E,21.767,195.71,091120,,,A,V*3E
(001.100) $GNVTG,195.71,T,,M,21.767,N,40.313,K,A*28
(001.100) $GNGGA,121342.00,4626.01051,N,01118.78434,E,1,07,1.52,245.6,M,46.0,M,,*45
(001.100) $GNGSA,A,3,04,07,09,,,,,,,,,,3.49,1.52,3.14,1*05
(001.100) $GNGSA,A,3,75,65,66,76,,,,,,,,,3.49,1.52,3.14,2*0C
(001.100) $GNGSA,A,3,,,,,,,,,,,,,3.49,1.52,3.14,3*0D
(001.100) $GNGSA,A,3,,,,,,,,,,,,,3.49,1.52,3.14,4*0A
(001.100) $GPGSV,1,1,03,04,32,068,25,07,59,169,29,09,71,049,32,1*56
(001.100) $GPGSV,1,1,03,04,32,068,27,07,59,169,19,09,71,049,26,6*55
(001.100) $GLGSV,2,1,07,65,43,078,29,66,54,319,26,67,09,289,,72,05,095,,1*75
(001.100) $GLGSV,2,2,07,74,16,026,28,75,50,086,31,76,31,153,31,1*48
(001.100) $GLGSV,2,1,08,65,43,078,15,66,54,319,26,67,09,289,,72,05,095,,3*77
(001.100) $GLGSV,2,2,08,74,16,026,,75,50,086,26,76,31,153,18,82,,,23,3*49
(001.100) $GAGSV,1,1,00,*44
(001.100) $GAGSV,1,1,00,*44
(001.100) $GBGSV,1,1,00,*47
(001.100) $GBGSV,1,1,00,*47
(001.100) $GNGLL,4626.01051,N,01118.78434,E,121342.00,A,A*76
(001.100) $GNRMC,121343.00,A,4626.00533,N,01118.78225,E,18.534,192.98,091120,,,A,V*37
(001.100) $GNVTG,192.98,T,,M,18.534,N,34.325,K,A*20
(001.100) $GNGGA,121343.00,4626.00533,N,01118.78225,E,1,07,1.52,245.3,M,46.0,M,,*47
(001.100) $GNGSA,A,3,04,07,09,,,,,,,,,,3.49,1.52,3.14,1*05
(001.100) $GNGSA,A,3,75,65,66,76,,,,,,,,,3.49,1.52,3.14,2*0C
(001.100) $GNGSA,A,3,,,,,,,,,,,,,3.49,1.52,3.14,3*0D
(001.100) $GNGSA,A,3,,,,,,,,,,,,,3.49,1.52,3.14,4*0A
(001.100) $GPGSV,1,1,03,04,32,068,24,07,59,169,29,09,71,049,32,1*57
(001.100) $GPGSV,1,1,03,04,32,068,27,07,59,169,19,09,71,049,26,6*55
(001.100) $GLGSV,2,1,07,65,43,078,29,66,54,319,26,67,09,289,,72,05,095,,1*75
(001.100) $GLGSV,2,2,07,74,16,026,28,75,50,086,31,76,31,153,31,1*48
(001.100) $GLGSV,2,1,08,65,43,078,16,66,54,319,26,67,09,289,,72,05,095,,3*74
(001.100) $GLGSV,2,2,08,74,16,026,,75,50,086,26,76,31,153,19,82,,,24,3*4F
(001.100) $GAGSV,1,1,00,*44
(001.100) $GAGSV,1,1,00,*44
(001.100) $GBGSV,1,1,00,*47
(001.100) $GBGSV,1,1,00,*47
(001.100) $GNGLL,4626.00533,N,01118.78225,E,121343.00,A,A*71
(001.100) $GNRMC,121344.00,A,4626.00091,N,01118.78063,E,15.799,191.76,091120,,,A,V*36
(001.100) $GNVTG,191.76,T,,M,15.799,N,29.259,K,A*2D
(001.100) $GNGGA,121344.00,4626.00091,N,01118.78063,E,1,07,1.52,244.9,M,46.0,M,,*46
(001.100) $GNGSA,A,3,04,07,09,,,,,,,,,,3.49,1.52,3.14,1*05
(001.100) $GNGSA,A,3,75,65,66,76,,,,,,,,,3.49,1.52,3.14,2*0C
(001.100) $GNGSA,A,3,,,,,,,,,,,,,3.49,1.52,3.14,3*0D
(001.100) $GNGSA,A,3,,,,,,,,,,,,,3.49,1.52,3.14,4*0A
(001.100) $GPGSV,1,1,03,04,32,068,23,07,59,169,29,09,71,049,32,1*50
(001.100) $GPGSV,1,1,03,04,32,068,27,07,59,169,19,09,71,049,26,6*55
(001.100) $GLGSV,2,1,07,65,43,078,28,66,54,319,27,67,09,289,,72,05,095,,1*75
(001.100) $GLGSV,2,2,07,74,16,026,27,75,50,086,32,76,31,153,31,1*44
(001.100) $GLGSV,2,1,08,65,43,078,17,66,54,319,26,67,09,289,,72,05,095,,3*75
(001.100) $GLGSV,2,2,08,74,16,026,,75,50,086,26,76,31,153,20,82,,,25,3*44
(001.100) $GAGSV,1,1,00,*44
(001.100) $GAGSV,1,1,00,*44
(001.100) $GBGSV,1,1,00,*47
(001.100) $GBGSV,1,1,00,*47
(001.100) $GNGLL,4626.00091,N,01118.78063,E,121344.00,A,A*7B
(001.100) $GNRMC,121345.00,A,4625.99729,N,01118.78199,E,14.004,158.64,091120,,,A,V*30
(001.100) $GNVTG,158.64,T,,M,14.004,N,25.936,K,A*27
(001.100) $GNGGA,121345.00,4625.99729,N,01118.78199,E,1,07,1.52,244.7,M,46.0,M,,*4A
(001.100) $GNGSA,A,3,04,07,09,,,,,,,,,,3.49,1.52,3.14,1*05
(001.100) $GNGSA,A,3,75,65,66,76,,,,,,,,,3.49,1.52,3.14,2*0C
(001.100) $GNGSA,A,3,,,,,,,,,,,,,3.49,1.52,3.14,3*0D
(001.100) $GNGSA,A,3,,,,,,,,,,,,,3.49,1.52,3.14,4*0A
(001.100) $GPGSV,1,1,03,04,32,068,25,07,59,169,28,09,71,049,31,1*54
(001.100) $GPGSV,1,1,03,04,32,068,25,07,59,169,21,09,71,049,26,6*5C
(001.100) $GLGSV,2,1,07,65,43,078,27,66,54,319,28,67,09,289,,72,05,095,,1*75
(001.100) $GLGSV,2,2,07,74,16,026,26,75,50,086,26,76,31,153,29,1*49
(001.100) $GLGSV,2,1,08,65,43,078,17,66,54,319,26,67,09,289,,72,05,095,,3*75
(001.100) $GLGSV,2,2,08,74,16,026,,75,50,086,26,76,31,153,20,82,,,27,3*46
(001.100) $GAGSV,1,1,00,*44
(001.100) $GAGSV,1,1,00,*44
(001.100) $GBGSV,1,1,00,*47
(001.100) $GBGSV,1,1,00,*47
(001.100) $GNGLL,4625.99729,N,01118.78199,E,121345.00,A,A*79
(001.100) $GNRMC,121346.00,A,4625.99527,N,01118.78645,E,13.927,123.19,091120,,,A,V*30
(001.100) $GNVTG,123.19,T,,M,13.927,N,25.792,K,A*2E
(001.100) $GNGGA,121346.00,4625.99527,N,01118.78645,E,1,07,1.52,245.6,M,46.0,M,,*43
(001.100) $GNGSA,A,3,04,07,09,,,,,,,,,,3.49,1.52,3.14,1*05
(001.100) $GNGSA,A,3,75,65,66,76,,,,,,,,,3.49,1.52,3.14,2*0C
(001.100) $GNGSA,A,3,,,,,,,,,,,,,3.49,1.52,3.14,3*0D
(001.100) $GNGSA,A,3,,,,,,,,,,,,,3.49,1.52,3.14,4*0A
(001.100) $GPGSV,1,1,03,04,32,068,23,07,59,169,24,09,71,049,29,1*57
(001.100) $GPGSV,1,1,03,04,32,068,22,07,59,169,23,09,71,049,27,6*58
(001.100) $GLGSV,2,1,07,65,43,078,27,66,54,319,29,67,09,289,,72,05,095,,1*74
(001.100) $GLGSV,2,2,07,74,16,026,24,75,50,086,32,76,31,153,27,1*40
(001.100) $GLGSV,2,1,08,65,43,078,16,66,54,319,24,67,09,289,,72,05,095,,3*76
(001.100) $GLGSV,2,2,08,74,16,026,,75,50,086,24,76,31,153,21,82,,,27,3*45
(001.100) $GAGSV,1,1,00,*44
(001.100) $GAGSV,1,1,00,*44
(001.100) $GBGSV,1,1,00,*47
(001.100) $GBGSV,1,1,00,*47
(001.100) $GNGLL,4625.99527,N,01118.78645,E,121346.00,A,A*70
(001.100) $GNRMC,121347.00,A,4625.99472,N,01118.79136,E,12.945,109.00,091120,,,A,V*37
(001.100) $GNVTG,109.00,T,,M,12.945,N,23.975,K,A*2A
(001.100) $GNGGA,121347.00,4625.99472,N,01118.79136,E,1,07,1.52,245.6,M,46.0,M,,*41
(001.100) $GNGSA,A,3,04,07,09,,,,,,,,,,3.49,1.52,3.14,1*05
(001.100) $GNGSA,A,3,75,65,66,76,,,,,,,,,3.49,1.52,3.14,2*0C
(001.100) $GNGSA,A,3,,,,,,,,,,,,,3.49,1.52,3.14,3*0D
(001.100) $GNGSA,A,3,,,,,,,,,,,,,3.49,1.52,3.14,4*0A
(001.100) $GPGSV,1,1,03,04,32,068,24,07,59,169,21,09,71,049,28,1*54
(001.100) $GPGSV,1,1,03,04,32,068,19,07,59,169,24,09,71,049,27,6*57
(001.100) $GLGSV,2,1,07,65,43,078,25,66,54,319,31,67,09,289,,72,05,095,,1*7F
(001.100) $GLGSV,2,2,07,74,16,026,23,75,50,086,30,76,31,153,23,1*41
(001.100) $GLGSV,2,1,08,65,43,078,15,66,54,319,23,67,09,289,,72,05,095,,3*72
(001.100) $GLGSV,2,2,08,74,16,026,,75,50,086,24,76,31,153,21,82,,,27,3*45
(001.100) $GAGSV,1,1,00,*44
(001.100) $GAGSV,1,1,00,*44
(001.100) $GBGSV,1,1,00,*47
(001.100) $GBGSV,1,1,00,*47
(001.100) $GNGLL,4625.99472,N,01118.79136,E,121347.00,A,A*72
(001.100) $GNRMC,121348.00,A,4625.99456,N,01118.79673,E,13.813,98.70,091120,,,A,V*05
(001.100) $GNVTG,98.70,T,,M,13.813,N,25.582,K,A*15
(001.100) $GNGGA,121348.00,4625.99456,N,01118.79673,E,1,07,1.52,246.1,M,46.0,M,,*4A
(001.100) $GNGSA,A,3,04,07,09,,,,,,,,,,3.49,1.52,3.14,1*05
(001.100) $GNGSA,A,3,75,65,66,76,,,,,,,,,3.49,1.52,3.14,2*0C
(001.100) $GNGSA,A,3,,,,,,,,,,,,,3.49,1.52,3.14,3*0D
(001.100) $GNGSA,A,3,,,,,,,,,,,,,3.49,1.52,3.14,4*0A
(001.100) $GPGSV,1,1,03,04,32,068,24,07,59,169,14,09,71,049,28,1*52
(001.100) $GPGSV,1,1,03,04,32,068,17,07,59,169,24,09,71,049,28,6*56
(001.100) $GLGSV,2,1,07,65,43,078,24,66,54,319,32,67,09,289,,72,05,095,,1*7D
(001.100) $GLGSV,2,2,07,74,16,026,23,75,50,086,30,76,31,153,20,1*42
(001.100) $GLGSV,2,1,08,65,43,078,13,66,54,319,22,67,09,289,,72,05,095,,3*75
(001.100) $GLGSV,2,2,08,74,16,026,,75,50,086,23,76,31,153,22,82,,,27,3*41
(001.100) $GAGSV,1,1,00,*44
(001.100) $GAGSV,1,1,00,*44
(001.100) $GBGSV,1,1,00,*47
(001.100) $GBGSV,1,1,00,*47
(001.100) $GNGLL,4625.99456,N,01118.79673,E,121348.00,A,A*7D
(001.100) $GNRMC,121349.00,A,4625.99655,N,01118.80240,E,15.726,60.39,091120,,,A,V*02
(001.100) $GNVTG,60.39,T,,M,15.726,N,29.125,K,A*15
(001.100) $GNGGA,121349.00,4625.99655,N,01118.80240,E,1,07,1.52,246.6,M,46.0,M,,*4F
(001.100) $GNGSA,A,3,04,07,09,,,,,,,,,,3.49,1.52,3.14,1*05
(001.100) $GNGSA,A,3,75,65,66,76,,,,,,,,,3.49,1.52,3.14,2*0C
(001.100) $GNGSA,A,3,,,,,,,,,,,,,3.49,1.52,3.14,3*0D
(001.100) $GNGSA,A,3,,,,,,,,,,,,,3.49,1.52,3.14,4*0A
(001.100) $GPGSV,1,1,03,04,32,068,22,07,59,169,17,09,71,049,28,1*57
(001.100) $GPGSV,1,1,03,04,32,068,19,07,59,169,25,09,71,049,27,6*56
(001.100) $GLGSV,2,1,07,65,43,078,24,66,54,319,30,67,09,289,,72,05,095,,1*7F
(001.100) $GLGSV,2,2,07,74,16,026,24,75,50,086,28,76,31,153,16,1*49
(001.100) $GLGSV,2,1,08,65,43,078,15,66,54,319,24,67,09,289,,72,05,095,,3*75
(001.100) $GLGSV,2,2,08,74,16,026,,75,50,086,24,76,31,153,23,82,,,26,3*46
(001.100) $GAGSV,1,1,00,*44
(001.100) $GAGSV,1,1,00,*44
(001.100) $GBGSV,1,1,00,*47
(001.100) $GBGSV,1,1,00,*47
(001.100) $GNGLL,4625.99655,N,01118.80240,E,121349.00,A,A*7F
(001.100) $GNRMC,121350.00,A,4626.00126,N,01118.80711,E,20.950,32.64,091120,,,A,V*0D
(001.100) $GNVTG,32.64,T,,M,20.950,N,38.800,K,A*1D
(001.100) $GNGGA,121350.00,4626.00126,N,01118.80711,E,1,07,1.52,247.0,M,46.0,M,,*41
(001.100) $GNGSA,A,3,04,07,09,,,,,,,,,,3.49,1.52,3.14,1*05
(001.100) $GNGSA,A,3,75,65,66,76,,,,,,,,,3.49,1.52,3.14,2*0C
(001.100) $GNGSA,A,3,,,,,,,,,,,,,3.49,1.52,3.14,3*0D
(001.100) $GNGSA,A,3,,,,,,,,,,,,,3.49,1.52,3.14,4*0A
(001.100) $GPGSV,1,1,03,04,32,068,18,07,59,169,20,09,71,049,29,1*5B
(001.100) $GPGSV,1,1,03,04,32,068,20,07,59,169,25,09,71,049,26,6*5D
(001.100) $GLGSV,2,1,07,65,43,078,25,66,54,319,29,67,09,289,,72,05,095,,1*76
(001.100) $GLGSV,2,2,07,74,16,026,22,75,50,086,26,76,31,152,18,1*4E
(001.100) $GLGSV,2,1,08,65,43,078,16,66,54,319,24,67,09,289,,72,05,095,,3*76
(001.100) $GLGSV,2,2,08,74,16,026,,75,50,086,25,76,31,152,25,82,,,24,3*42
(001.100) $GAGSV,1,1,00,*44
(001.100) $GAGSV,1,1,00,*44
(001.100) $GBGSV,1,1,00,*47
(001.100) $GBGSV,1,1,00,*47
(001.100) $GNGLL,4626.00126,N,01118.80711,E,121350.00,A,A*76
(001.100) $GNRMC,121351.00,A,4626.00801,N,01118.81128,E,27.355,22.67,091120,,,A,V*07
(001.100) $GNVTG,22.67,T,,M,27.355,N,50.661,K,A*10
(001.100) $GNGGA,121351.00,4626.00801,N,01118.81128,E,1,07,1.53,247.9,M,46.0,M,,*49
(001.100) $GNGSA,A,3,04,07,09,,,,,,,,,,3.49,1.53,3.14,1*04
(001.100) $GNGSA,A,3,75,65,66,76,,,,,,,,,3.49,1.53,3.14,2*0D
(001.100) $GNGSA,A,3,,,,,,,,,,,,,3.49,1.53,3.14,3*0C
(001.100) $GNGSA,A,3,,,,,,,,,,,,,3.49,1.53,3.14,4*0B
(001.100) $GPGSV,1,1,03,04,32,068,16,07,59,169,24,09,71,049,28,1*50
(001.100) $GPGSV,1,1,03,04,32,068,21,07,59,169,25,09,71,049,26,6*5C
(001.100) $GLGSV,2,1,07,65,43,078,25,66,54,319,28,67,09,289,,72,05,095,,1*77
(001.100) $GLGSV,2,2,07,74,16,026,21,75,50,085,25,76,31,152,24,1*42
(001.100) $GLGSV,2,1,08,65,43,078,17,66,54,319,22,67,09,289,,72,05,095,,3*71
(001.100) $GLGSV,2,2,08,74,16,026,,75,50,085,25,76,31,152,26,82,,,20,3*46
(001.100) $GAGSV,1,1,00,*44
(001.100) $GAGSV,1,1,00,*44
(001.100) $GBGSV,1,1,00,*47
(001.100) $GBGSV,1,1,00,*47
(001.100) $GNGLL,4626.00801,N,01118.81128,E,121351.00,A,A*76
(001.100) $GNRMC,121352.00,A,4626.01611,N,01118.81443,E,31.957,15.28,091120,,,A,V*02
(001.100) $GNVTG,15.28,T,,M,31.957,N,59.184,K,A*15
(001.100) $GNGGA,121352.00,4626.01611,N,01118.81443,E,1,07,1.53,248.4,M,46.0,M,,*4E
(001.100) $GNGSA,A,3,04,07,09,,,,,,,,,,3.49,1.53,3.14,1*04
(001.100) $GNGSA,A,3,75,65,66,76,,,,,,,,,3.49,1.53,3.14,2*0D
(001.100) $GNGSA,A,3,,,,,,,,,,,,,3.49,1.53,3.14,3*0C
(001.100) $GNGSA,A,3,,,,,,,,,,,,,3.49,1.53,3.14,4*0B
(001.100) $GPGSV,1,1,03,04,32,068,12,07,59,169,26,09,71,049,28,1*56
(001.100) $GPGSV,1,1,03,04,32,068,22,07,59,169,25,09,71,049,25,6*5C
(001.100) $GLGSV,2,1,07,65,43,078,25,66,54,319,28,67,09,289,,72,05,095,,1*77
(001.100) $GLGSV,2,2,07,74,16,026,20,75,50,085,22,76,31,152,24,1*44
(001.100) $GLGSV,2,1,08,65,43,078,18,66,54,319,21,67,09,289,,72,05,095,,3*7D
(001.100) $GLGSV,2,2,08,74,16,026,,75,50,085,26,76,31,152,28,82,,,15,3*4D
(001.100) $GAGSV,1,1,00,*44
(001.100) $GAGSV,1,1,00,*44
(001.100) $GBGSV,1,1,00,*47
(001.100) $GBGSV,1,1,00,*47
(001.100) $GNGLL,4626.01611,N,01118.81443,E,121352.00,A,A*73
(001.100) $GNRMC,121353.00,A,4626.02533,N,01118.81756,E,34.878,14.04,091120,,,A,V*02
(001.100) $GNVTG,14.04,T,,M,34.878,N,64.593,K,A*1F
(001.100) $GNGGA,121353.00,4626.02533,N,01118.81756,E,1,07,1.53,248.5,M,46.0,M,,*49
(001.100) $GNGSA,A,3,04,07,09,,,,,,,,,,3.49,1.53,3.14,1*04
(001.100) $GNGSA,A,3,75,65,66,76,,,,,,,,,3.49,1.53,3.14,2*0D
(001.100) $GNGSA,A,3,,,,,,,,,,,,,3.49,1.53,3.14,3*0C
(001.100) $GNGSA,A,3,,,,,,,,,,,,,3.49,1.53,3.14,4*0B
(001.100) $GPGSV,1,1,03,04,32,068,10,07,59,169,27,09,71,049,27,1*5A
(001.100) $GPGSV,1,1,03,04,32,068,21,07,59,169,24,09,71,049,25,6*5E
(001.100) $GLGSV,2,1,07,65,43,078,24,66,54,319,29,67,09,289,,72,05,095,,1*77
(001.100) $GLGSV,2,2,07,74,16,026,21,75,50,085,19,76,31,152,23,1*4A
(001.100) $GLGSV,2,1,08,65,43,078,17,66,54,319,19,67,09,289,,72,05,095,,3*79
(001.100) $GLGSV,2,2,08,74,16,026,,75,50,085,26,76,31,152,28,82,,,10,3*48
(001.100) $GAGSV,1,1,00,*44
(001.100) $GAGSV,1,1,00,*44
(001.100) $GBGSV,1,1,00,*47
(001.100) $GBGSV,1,1,00,*47
(001.100) $GNGLL,4626.02533,N,01118.81756,E,121353.00,A,A*75
(001.100) $GNRMC,121354.00,A,4626.03433,N,01118.82092,E,33.068,15.58,091120,,,A,V*0F
(001.100) $GNVTG,15.58,T,,M,33.068,N,61.242,K,A*17
(001.100) $GNGGA,121354.00,4626.03433,N,01118.82092,E,1,07,1.53,248.8,M,46.0,M,,*4F
(001.100) $GNGSA,A,3,04,07,09,,,,,,,,,,3.49,1.53,3.14,1*04
(001.100) $GNGSA,A,3,75,65,66,76,,,,,,,,,3.49,1.53,3.14,2*0D
(001.100) $GNGSA,A,3,,,,,,,,,,,,,3.49,1.53,3.14,3*0C
(001.100) $GNGSA,A,3,,,,,,,,,,,,,3.49,1.53,3.14,4*0B
(001.100) $GPGSV,1,1,03,04,32,068,13,07,59,169,27,09,71,049,27,1*59
(001.100) $GPGSV,1,1,03,04,32,068,22,07,59,169,24,09,71,049,25,6*5D
(001.100) $GLGSV,2,1,07,65,43,078,23,66,54,319,29,67,09,289,,72,05,095,,1*70
(001.100) $GLGSV,2,2,07,74,16,026,22,75,50,085,15,76,31,152,23,1*45
(001.100) $GLGSV,2,1,07,65,43,078,17,66,54,319,20,67,09,289,,72,05,095,,3*7C
(001.100) $GLGSV,2,2,07,74,16,026,,75,50,085,27,76,31,152,28,3*4D
(001.100) $GAGSV,1,1,00,*44
(001.100) $GAGSV,1,1,00,*44
(001.100) $GBGSV,1,1,00,*47
(001.100) $GBGSV,1,1,00,*47
(001.100) $GNGLL,4626.03433,N,01118.82092,E,121354.00,A,A*7E
(001.100) $GNRMC,121355.00,A,4626.04276,N,01118.82386,E,30.249,16.05,091120,,,A,V*01
(001.100) $GNVTG,16.05,T,,M,30.249,N,56.020,K,A*1C
(001.100) $GNGGA,121355.00,4626.04276,N,01118.82386,E,1,07,1.53,248.8,M,46.0,M,,*48
(001.100) $GNGSA,A,3,04,07,09,,,,,,,,,,3.49,1.53,3.14,1*04
(001.100) $GNGSA,A,3,75,65,66,76,,,,,,,,,3.49,1.53,3.14,2*0D
(001.100) $GNGSA,A,3,,,,,,,,,,,,,3.49,1.53,3.14,3*0C
(001.100) $GNGSA,A,3,,,,,,,,,,,,,3.49,1.53,3.14,4*0B
(001.100) $GPGSV,1,1,03,04,32,068,11,07,59,169,27,09,71,049,27,1*5B
(001.100) $GPGSV,1,1,03,04,32,068,22,07,59,169,24,09,71,049,25,6*5D
(001.100) $GLGSV,2,1,07,65,43,078,22,66,54,319,29,67,09,289,,72,05,095,,1*71
(001.100) $GLGSV,2,2,07,74,16,026,23,75,50,085,10,76,31,152,23,1*41
(001.100) $GLGSV,2,1,07,65,43,078,16,66,54,319,20,67,09,289,,72,05,095,,3*7D
(001.100) $GLGSV,2,2,07,74,16,026,,75,50,085,27,76,31,152,29,3*4C
(001.100) $GAGSV,1,1,00,*44
(001.100) $GAGSV,1,1,00,*44
(001.100) $GBGSV,1,1,00,*47
(001.100) $GBGSV,1,1,00,*47
(001.100) $GNGLL,4626.04276,N,01118.82386,E,121355.00,A,A*79
(001.100) $GNRMC,121356.00,A,4626.05046,N,01118.82664,E,27.902,16.11,091120,,,A,V*0C
(001.100) $GNVTG,16.11,T,,M,27.902,N,51.675,K,A*1A
(001.100) $GNGGA,121356.00,4626.05046,N,01118.82664,E,1,07,1.53,248.5,M,46.0,M,,*4F
(001.100) $GNGSA,A,3,04,07,09,,,,,,,,,,3.49,1.53,3.14,1*04
(001.100) $GNGSA,A,3,75,65,66,76,,,,,,,,,3.49,1.53,3.14,2*0D
(001.100) $GNGSA,A,3,,,,,,,,,,,,,3.49,1.53,3.14,3*0C
(001.100) $GNGSA,A,3,,,,,,,,,,,,,3.49,1.53,3.14,4*0B
(001.100) $GPGSV,1,1,03,04,32,068,13,07,59,169,27,09,71,049,27,1*59
(001.100) $GPGSV,1,1,03,04,32,068,22,07,59,169,24,09,71,049,25,6*5D
(001.100) $GLGSV,2,1,07,65,43,078,22,66,54,319,29,67,09,289,,72,05,095,,1*71
(001.100) $GLGSV,2,2,07,74,16,026,23,75,50,085,08,76,31,152,24,1*4F
(001.100) $GLGSV,2,1,07,65,43,078,16,66,54,319,20,67,09,289,,72,05,095,,3*7D
(001.100) $GLGSV,2,2,07,74,16,026,,75,50,085,27,76,31,152,29,3*4C
(001.100) $GAGSV,1,1,00,*44
(001.100) $GAGSV,1,1,00,*44
(001.100) $GBGSV,1,1,00,*47
(001.100) $GBGSV,1,1,00,*47
(001.100) $GNGLL,4626.05046,N,01118.82664,E,121356.00,A,A*73
(001.100) $GNRMC,121357.00,A,4626.05744,N,01118.82914,E,25.158,15.02,091120,,,A,V*04
(001.100) $GNVTG,15.02,T,,M,25.158,N,46.592,K,A*12
(001.100) $GNGGA,121357.00,4626.05744,N,01118.82914,E,1,06,1.53,248.4,M,46.0,M,,*43
(001.100) $GNGSA,A,3,04,07,09,,,,,,,,,,3.49,1.53,3.14,1*04
(001.100) $GNGSA,A,3,75,65,66,76,,,,,,,,,3.49,1.53,3.14,2*0D
(001.100) $GNGSA,A,3,,,,,,,,,,,,,3.49,1.53,3.14,3*0C
(001.100) $GNGSA,A,3,,,,,,,,,,,,,3.49,1.53,3.14,4*0B
(001.100) $GPGSV,1,1,03,04,32,068,17,07,59,169,27,09,71,050,27,1*55
(001.100) $GPGSV,1,1,03,04,32,068,22,07,59,169,24,09,71,050,25,6*55
(001.100) $GLGSV,2,1,07,65,43,078,23,66,54,319,29,67,09,289,,72,05,095,,1*70
(001.100) $GLGSV,2,2,07,74,16,026,22,75,50,085,,76,31,152,24,1*46
(001.100) $GLGSV,2,1,07,65,43,078,17,66,54,319,20,67,09,289,,72,05,095,,3*7C
(001.100) $GLGSV,2,2,07,74,16,026,,75,50,085,26,76,31,152,29,3*4D
(001.100) $GAGSV,1,1,00,*44
(001.100) $GAGSV,1,1,00,*44
(001.100) $GBGSV,1,1,00,*47
(001.100) $GBGSV,1,1,00,*47
(001.100) $GNGLL,4626.05744,N,01118.82914,E,121357.00,A,A*7F
(001.100) $GNRMC,121358.00,A,4626.06386,N,01118.83139,E,23.167,14.86,091120,,,A,V*03
(001.100) $GNVTG,14.86,T,,M,23.167,N,42.905,K,A*13
(001.100) $GNGGA,121358.00,4626.06386,N,01118.83139,E,1,06,1.53,248.5,M,46.0,M,,*42
(001.100) $GNGSA,A,3,04,07,09,,,,,,,,,,3.49,1.53,3.14,1*04
(001.100) $GNGSA,A,3,75,65,66,76,,,,,,,,,3.49,1.53,3.14,2*0D
(001.100) $GNGSA,A,3,,,,,,,,,,,,,3.49,1.53,3.14,3*0C
(001.100) $GNGSA,A,3,,,,,,,,,,,,,3.49,1.53,3.14,4*0B
(001.100) $GPGSV,1,1,03,04,32,068,11,07,59,169,27,09,71,050,27,1*53
(001.100) $GPGSV,1,1,03,04,32,068,22,07,59,169,24,09,71,050,25,6*55
(001.100) $GLGSV,2,1,07,65,43,078,23,66,54,319,29,67,09,289,,72,05,095,,1*70
(001.100) $GLGSV,2,2,07,74,16,026,21,75,50,085,,76,31,152,25,1*44
(001.100) $GLGSV,2,1,07,65,43,078,16,66,54,319,20,67,09,289,,72,05,095,,3*7D
(001.100) $GLGSV,2,2,07,74,16,026,,75,50,085,26,76,31,152,28,3*4C
(001.100) $GAGSV,1,1,00,*44
(001.100) $GAGSV,1,1,00,*44
(001.100) $GBGSV,1,1,00,*47
(001.100) $GBGSV,1,1,00,*47
(001.100) $GNGLL,4626.06386,N,01118.83139,E,121358.00,A,A*7F
(001.100) $GNRMC,121359.00,A,4626.06997,N,01118.83201,E,21.455,2.05,091120,,,A,V*3A
(001.100) $GNVTG,2.05,T,,M,21.455,N,39.734,K,A*29
(001.100) $GNGGA,121359.00,4626.06997,N,01118.83201,E,1,07,1.53,247.9,M,46.0,M,,*43
(001.100) $GNGSA,A,3,04,07,09,,,,,,,,,,3.49,1.53,3.14,1*04
(001.100) $GNGSA,A,3,75,65,66,76,,,,,,,,,3.49,1.53,3.14,2*0D
(001.100) $GNGSA,A,3,,,,,,,,,,,,,3.49,1.53,3.14,3*0C
(001.100) $GNGSA,A,3,,,,,,,,,,,,,3.49,1.53,3.14,4*0B
(001.100) $GPGSV,1,1,03,04,32,068,11,07,59,169,27,09,71,050,27,1*53
(001.100) $GPGSV,1,1,03,04,32,068,22,07,59,169,24,09,71,050,25,6*55
(001.100) $GLGSV,2,1,07,65,43,078,23,66,54,319,31,67,09,289,,72,05,095,,1*79
(001.100) $GLGSV,2,2,07,74,16,026,20,75,50,085,,76,31,152,26,1*46
(001.100) $GLGSV,2,1,07,65,43,078,15,66,54,319,19,67,09,289,,72,05,095,,3*74
(001.100) $GLGSV,2,2,07,74,16,026,,75,50,085,27,76,31,152,28,3*4D
(001.100) $GAGSV,1,1,00,*44
(001.100) $GAGSV,1,1,00,*44
(001.100) $GBGSV,1,1,00,*47
(001.100) $GBGSV,1,1,00,*47
(001.100) $GNGLL,4626.06997,N,01118.83201,E,121359.00,A,A*7C
(001.100) $GNRMC,121400.00,A,4626.07434,N,01118.82808,E,18.095,318.66,091120,,,A,V*39
(001.100) $GNVTG,318.66,T,,M,18.095,N,33.512,K,A*2A
(001.100) $GNGGA,121400.00,4626.07434,N,01118.82808,E,1,06,1.53,246.9,M,46.0,M,,*4F
(001.100) $GNGSA,A,3,04,07,09,,,,,,,,,,3.49,1.53,3.14,1*04
(001.100) $GNGSA,A,3,75,65,66,76,,,,,,,,,3.49,1.53,3.14,2*0D
(001.100) $GNGSA,A,3,,,,,,,,,,,,,3.49,1.53,3.14,3*0C
(001.100) $GNGSA,A,3,,,,,,,,,,,,,3.49,1.53,3.14,4*0B
(001.100) $GPGSV,1,1,03,04,32,068,14,07,59,169,28,09,71,050,26,1*58
(001.100) $GPGSV,1,1,03,04,32,068,22,07,59,169,22,09,71,050,31,6*56
(001.100) $GLGSV,2,1,07,65,43,078,21,66,54,319,30,67,09,289,,72,05,095,,1*7A
(001.100) $GLGSV,2,2,07,74,16,026,17,75,50,085,28,76,31,152,27,1*49
(001.100) $GLGSV,2,1,07,65,43,078,18,66,54,319,21,67,09,289,,72,05,095,,3*72
(001.100) $GLGSV,2,2,07,74,16,026,,75,50,085,28,76,31,152,29,3*43
(001.100) $GAGSV,1,1,00,*44
(001.100) $GAGSV,1,1,00,*44
(001.100) $GBGSV,1,1,00,*47
(001.100) $GBGSV,1,1,00,*47
(001.100) $GNGLL,4626.07434,N,01118.82808,E,121400.00,A,A*70
(001.100) $GNRMC,121401.00,A,4626.07584,N,01118.82174,E,16.591,277.35,091120,,,A,V*31
(001.100) $GNVTG,277.35,T,,M,16.591,N,30.727,K,A*2C
(001.100) $GNGGA,121401.00,4626.07584,N,01118.82174,E,1,07,1.53,246.7,M,46.0,M,,*49
(001.100) $GNGSA,A,3,04,07,09,,,,,,,,,,3.49,1.53,3.14,1*04
(001.100) $GNGSA,A,3,75,65,66,76,,,,,,,,,3.49,1.53,3.14,2*0D
(001.100) $GNGSA,A,3,,,,,,,,,,,,,3.49,1.53,3.14,3*0C
(001.100) $GNGSA,A,3,,,,,,,,,,,,,3.49,1.53,3.14,4*0B
(001.100) $GPGSV,1,1,03,04,32,068,09,07,59,169,29,09,71,050,26,1*55
(001.100) $GPGSV,1,1,03,04,32,068,25,07,59,169,21,09,71,050,30,6*53
(001.100) $GLGSV,2,1,07,65,43,078,22,66,54,319,28,67,09,289,,72,05,095,,1*70
(001.100) $GLGSV,2,2,07,74,16,026,14,75,50,085,29,76,31,152,28,1*44
(001.100) $GLGSV,2,1,07,65,43,078,21,66,54,319,22,67,09,289,,72,05,095,,3*7B
(001.100) $GLGSV,2,2,07,74,16,026,,75,50,085,28,76,31,152,27,3*4D
(001.100) $GAGSV,1,1,00,*44
(001.100) $GAGSV,1,1,00,*44
(001.100) $GBGSV,1,1,00,*47
(001.100) $GBGSV,1,1,00,*47
(001.100) $GNGLL,4626.07584,N,01118.82174,E,121401.00,A,A*79
(001.100) $GNRMC,121402.00,A,4626.07531,N,01118.81561,E,15.353,258.64,091120,,,A,V*3D
(001.100) $GNVTG,258.64,T,,M,15.353,N,28.433,K,A*21
(001.100) $GNGGA,121402.00,4626.07531,N,01118.81561,E,1,06,1.53,246.7,M,46.0,M,,*46
(001.100) $GNGSA,A,3,04,07,09,,,,,,,,,,3.50,1.53,3.14,1*0C
(001.100) $GNGSA,A,3,75,65,66,76,,,,,,,,,3.50,1.53,3.14,2*05
(001.100) $GNGSA,A,3,,,,,,,,,,,,,3.50,1.53,3.14,3*04
(001.100) $GNGSA,A,3,,,,,,,,,,,,,3.50,1.53,3.14,4*03
(001.100) $GPGSV,1,1,03,04,32,068,07,07,59,169,28,09,71,050,28,1*54
(001.100) $GPGSV,1,1,03,04,32,068,27,07,59,169,20,09,71,050,29,6*58
(001.100) $GLGSV,2,1,07,65,43,078,24,66,54,319,25,67,09,289,,72,05,095,,1*7B
(001.100) $GLGSV,2,2,07,74,16,026,12,75,50,085,29,76,31,152,29,1*43
(001.100) $GLGSV,2,1,07,65,43,078,22,66,54,319,25,67,09,289,,72,05,095,,3*7F
(001.100) $GLGSV,2,2,07,74,16,026,,75,50,085,27,76,31,152,26,3*43
(001.100) $GAGSV,1,1,00,*44
(001.100) $GAGSV,1,1,00,*44
(001.100) $GBGSV,1,1,00,*47
(001.100) $GBGSV,1,1,00,*47
(001.100) $GNGLL,4626.07531,N,01118.81561,E,121402.00,A,A*77
(001.100) $GNRMC,121403.00,A,4626.07307,N,01118.81043,E,15.670,229.09,091120,,,A,V*33
(001.100) $GNVTG,229.09,T,,M,15.670,N,29.020,K,A*2F
(001.100) $GNGGA,121403.00,4626.07307,N,01118.81043,E,1,07,1.53,246.3,M,46.0,M,,*44
(001.100) $GNGSA,A,3,04,07,09,,,,,,,,,,3.50,1.53,3.14,1*0C
(001.100) $GNGSA,A,3,75,65,66,76,,,,,,,,,3.50,1.53,3.14,2*05
(001.100) $GNGSA,A,3,,,,,,,,,,,,,3.50,1.53,3.14,3*04
(001.100) $GNGSA,A,3,,,,,,,,,,,,,3.50,1.53,3.14,4*03
(001.100) $GPGSV,1,1,03,04,32,068,17,07,59,169,26,09,71,050,27,1*54
(001.100) $GPGSV,1,1,03,04,32,068,27,07,59,169,22,09,71,050,27,6*54
(001.100) $GLGSV,2,1,07,65,43,078,27,66,54,319,23,67,09,289,,72,05,095,,1*7E
(001.100) $GLGSV,2,2,07,74,16,026,27,75,50,085,31,76,31,152,28,1*4D
(001.100) $GLGSV,2,1,07,65,43,078,20,66,54,319,27,67,09,289,,72,05,095,,3*7F
(001.100) $GLGSV,2,2,07,74,16,026,,75,50,085,26,76,31,152,24,3*40
(001.100) $GAGSV,1,1,00,*44
(001.100) $GAGSV,1,1,00,*44
(001.100) $GBGSV,1,1,00,*47
(001.100) $GBGSV,1,1,00,*47
(001.100) $GNGLL,4626.07307,N,01118.81043,E,121403.00,A,A*70
(001.100) $GNRMC,121404.00,A,4626.06879,N,01118.80673,E,19.406,204.79,091120,,,A,V*34
(001.100) $GNVTG,204.79,T,,M,19.406,N,35.941,K,A*2B
(001.100) $GNGGA,121404.00,4626.06879,N,01118.80673,E,1,07,1.53,246.3,M,46.0,M,,*44
(001.100) $GNGSA,A,3,04,07,09,,,,,,,,,,3.50,1.53,3.14,1*0C
(001.100) $GNGSA,A,3,75,65,66,76,,,,,,,,,3.50,1.53,3.14,2*05
(001.100) $GNGSA,A,3,,,,,,,,,,,,,3.50,1.53,3.14,3*04
(001.100) $GNGSA,A,3,,,,,,,,,,,,,3.50,1.53,3.14,4*03
(001.100) $GPGSV,1,1,03,04,32,068,23,07,59,169,26,09,71,050,33,1*56
(001.100) $GPGSV,1,1,03,04,32,068,26,07,59,169,22,09,71,050,25,6*57
(001.100) $GLGSV,2,1,07,65,43,078,27,66,54,319,22,67,09,289,,72,05,095,,1*7F
(001.100) $GLGSV,2,2,07,74,16,026,27,75,50,085,32,76,31,152,28,1*4E
(001.100) $GLGSV,2,1,07,65,43,078,18,66,54,319,27,67,09,289,,72,05,095,,3*74
(001.100) $GLGSV,2,2,07,74,16,026,,75,50,085,25,76,31,152,21,3*46
(001.100) $GAGSV,1,1,00,*44
(001.100) $GAGSV,1,1,00,*44
(001.100) $GBGSV,1,1,00,*47
(001.100) $GBGSV,1,1,00,*47
(001.100) $GNGLL,4626.06879,N,01118.80673,E,121404.00,A,A*70
(001.100) $GNRMC,121405.00,A,4626.06369,N,01118.80409,E,19.907,196.04,091120,,,A,V*3E
(001.100) $GNVTG,196.04,T,,M,19.907,N,36.868,K,A*2C
(001.100) $GNGGA,121405.00,4626.06369,N,01118.80409,E,1,07,1.53,245.6,M,46.0,M,,*46
(001.100) $GNGSA,A,3,04,07,09,,,,,,,,,,3.50,1.53,3.14,1*0C
(001.100) $GNGSA,A,3,75,65,66,76,,,,,,,,,3.50,1.53,3.14,2*05
(001.100) $GNGSA,A,3,,,,,,,,,,,,,3.50,1.53,3.14,3*04
(001.100) $GNGSA,A,3,,,,,,,,,,,,,3.50,1.53,3.14,4*03
(001.100) $GPGSV,1,1,03,04,32,068,25,07,59,169,28,09,71,050,32,1*5F
(001.100) $GPGSV,1,1,03,04,32,068,26,07,59,169,21,09,71,050,25,6*54
(001.100) $GLGSV,2,1,07,65,43,078,29,66,54,319,25,67,09,289,,72,05,095,,1*76
(001.100) $GLGSV,2,2,07,74,16,026,27,75,50,085,31,76,31,152,31,1*45
(001.100) $GLGSV,2,1,07,65,43,078,17,66,54,319,26,67,09,289,,72,05,095,,3*7A
(001.100) $GLGSV,2,2,07,74,16,026,,75,50,085,25,76,31,152,20,3*47
(001.100) $GAGSV,1,1,00,*44
(001.100) $GAGSV,1,1,00,*44
(001.100) $GBGSV,1,1,00,*47
(001.100) $GBGSV,1,1,00,*47
(001.100) $GNGLL,4626.06369,N,01118.80409,E,121405.00,A,A*74
(001.100) $GNRMC,121406.00,A,4626.05850,N,01118.80204,E,19.816,192.79,091120,,,A,V*3B
(001.100) $GNVTG,192.79,T,,M,19.816,N,36.699,K,A*23
(001.100) $GNGGA,121406.00,4626.05850,N,01118.80204,E,1,07,1.53,244.7,M,46.0,M,,*4C
(001.100) $GNGSA,A,3,04,07,09,,,,,,,,,,3.50,1.53,3.14,1*0C
(001.100) $GNGSA,A,3,75,65,66,76,,,,,,,,,3.50,1.53,3.14,2*05
(001.100) $GNGSA,A,3,,,,,,,,,,,,,3.50,1.53,3.14,3*04
(001.100) $GNGSA,A,3,,,,,,,,,,,,,3.50,1.53,3.14,4*03
(001.100) $GPGSV,1,1,03,04,32,068,25,07,59,169,29,09,71,050,32,1*5E
(001.100) $GPGSV,1,1,03,04,32,068,27,07,59,169,21,09,71,050,26,6*56
(001.100) $GLGSV,2,1,07,65,43,078,28,66,54,319,27,67,09,289,,72,05,095,,1*75
(001.100) $GLGSV,2,2,07,74,16,026,27,75,50,085,31,76,31,152,32,1*46
(001.100) $GLGSV,2,1,07,65,43,078,17,66,54,319,26,67,09,289,,72,05,095,,3*7A
(001.100) $GLGSV,2,2,07,74,16,026,,75,50,085,25,76,31,152,20,3*47
(001.100) $GAGSV,1,1,00,*44
(001.100) $GAGSV,1,1,00,*44
(001.100) $GBGSV,1,1,00,*47
(001.100) $GBGSV,1,1,00,*47
(001.100) $GNGLL,4626.05850,N,01118.80204,E,121406.00,A,A*7E
(001.100) $GNRMC,121407.00,A,4626.05281,N,01118.80010,E,22.031,192.04,091120,,,A,V*34
(001.100) $GNVTG,192.04,T,,M,22.031,N,40.801,K,A*22
(001.100) $GNGGA,121407.00,4626.05281,N,01118.80010,E,1,07,1.53,244.1,M,46.0,M,,*4A
(001.100) $GNGSA,A,3,04,07,09,,,,,,,,,,3.50,1.53,3.15,1*0D
(001.100) $GNGSA,A,3,75,65,66,76,,,,,,,,,3.50,1.53,3.15,2*04
(001.100) $GNGSA,A,3,,,,,,,,,,,,,3.50,1.53,3.15,3*05
(001.100) $GNGSA,A,3,,,,,,,,,,,,,3.50,1.53,3.15,4*02
(001.100) $GPGSV,1,1,03,04,32,068,25,07,59,169,29,09,71,050,32,1*5E
(001.100) $GPGSV,1,1,03,04,32,068,27,07,59,169,22,09,71,050,26,6*55
(001.100) $GLGSV,2,1,07,65,43,078,28,66,54,319,27,67,09,289,,72,05,095,,1*75
(001.100) $GLGSV,2,2,07,74,16,026,27,75,50,085,31,76,31,152,32,1*46
(001.100) $GLGSV,2,1,07,65,43,078,18,66,54,319,26,67,09,289,,72,05,095,,3*75
(001.100) $GLGSV,2,2,07,74,16,026,,75,50,085,25,76,31,152,20,3*47
(001.100) $GAGSV,1,1,00,*44
(001.100) $GAGSV,1,1,00,*44
(001.100) $GBGSV,1,1,00,*47
(001.100) $GBGSV,1,1,00,*47
(001.100) $GNGLL,4626.05281,N,01118.80010,E,121407.00,A,A*7E
(001.100) $GNRMC,121408.00,A,4626.04751,N,01118.79842,E,19.014,191.46,091120,,,A,V*31
(001.100) $GNVTG,191.46,T,,M,19.014,N,35.215,K,A*25
(001.100) $GNGGA,121408.00,4626.04751,N,01118.79842,E,1,07,1.53,243.5,M,46.0,M,,*46
(001.100) $GNGSA,A,3,04,07,09,,,,,,,,,,3.50,1.53,3.15,1*0D
(001.100) $GNGSA,A,3,75,65,66,76,,,,,,,,,3.50,1.53,3.15,2*04
(001.100) $GNGSA,A,3,,,,,,,,,,,,,3.50,1.53,3.15,3*05
(001.100) $GNGSA,A,3,,,,,,,,,,,,,3.50,1.53,3.15,4*02
(001.100) $GPGSV,1,1,03,04,32,068,26,07,59,169,29,09,71,050,32,1*5D
(001.100) $GPGSV,1,1,03,04,32,068,27,07,59,169,22,09,71,050,26,6*55
(001.100) $GLGSV,2,1,07,65,43,078,28,66,54,319,27,67,09,289,,72,05,095,,1*75
(001.100) $GLGSV,2,2,07,74,16,026,27,75,50,085,32,76,31,152,32,1*45
(001.100) $GLGSV,2,1,07,65,43,078,18,66,54,319,26,67,09,289,,72,05,095,,3*75
(001.100) $GLGSV,2,2,07,74,16,026,,75,50,085,25,76,31,152,21,3*46
(001.100) $GAGSV,1,1,00,*44
(001.100) $GAGSV,1,1,00,*44
(001.100) $GBGSV,1,1,00,*47
(001.100) $GBGSV,1,1,00,*47
(001.100) $GNGLL,4626.04751,N,01118.79842,E,121408.00,A,A*71
(001.100) $GNRMC,121409.00,A,4626.04313,N,01118.79675,E,15.764,194.59,091120,,,A,V*3F
(001.100) $GNVTG,194.59,T,,M,15.764,N,29.195,K,A*24
(001.100) $GNGGA,121409.00,4626.04313,N,01118.79675,E,1,07,1.53,242.9,M,46.0,M,,*42
(001.100) $GNGSA,A,3,04,07,09,,,,,,,,,,3.50,1.53,3.15,1*0D
(001.100) $GNGSA,A,3,75,65,66,76,,,,,,,,,3.50,1.53,3.15,2*04
(001.100) $GNGSA,A,3,,,,,,,,,,,,,3.50,1.53,3.15,3*05
(001.100) $GNGSA,A,3,,,,,,,,,,,,,3.50,1.53,3.15,4*02
(001.100) $GPGSV,1,1,03,04,32,068,25,07,59,169,29,09,71,050,32,1*5E
(001.100) $GPGSV,1,1,03,04,32,068,27,07,59,169,22,09,71,050,26,6*55
(001.100) $GLGSV,2,1,07,65,43,078,27,66,55,319,27,67,09,289,,72,05,095,,1*7B
(001.100) $GLGSV,2,2,07,74,16,026,27,75,50,085,31,76,31,152,32,1*46
(001.100) $GLGSV,2,1,07,65,43,078,18,66,55,319,26,67,09,289,,72,05,095,,3*74
(001.100) $GLGSV,2,2,07,74,16,026,,75,50,085,25,76,31,152,20,3*47
(001.100) $GAGSV,1,1,00,*44
(001.100) $GAGSV,1,1,00,*44
(001.100) $GBGSV,1,1,00,*47
(001.100) $GBGSV,1,1,00,*47
(001.100) $GNGLL,4626.04313,N,01118.79675,E,121409.00,A,A*78
(001.100) $GNRMC,121410.00,A,4626.03982,N,01118.79538,E,11.470,194.99,091120,,,A,V*36
(001.100) $GNVTG,194.99,T,,M,11.470,N,21.242,K,A*2B
(001.100) $GNGGA,121410.00,4626.03982,N,01118.79538,E,1,07,1.53,242.4,M,46.0,M,,*48
(001.100) $GNGSA,A,3,04,07,09,,,,,,,,,,3.50,1.53,3.15,1*0D
(001.100) $GNGSA,A,3,75,65,66,76,,,,,,,,,3.50,1.53,3.15,2*04
(001.100) $GNGSA,A,3,,,,,,,,,,,,,3.50,1.53,3.15,3*05
(001.100) $GNGSA,A,3,,,,,,,,,,,,,3.50,1.53,3.15,4*02
(001.100) $GPGSV,1,1,03,04,32,068,25,07,59,169,29,09,71,050,32,1*5E
(001.100) $GPGSV,1,1,03,04,32,068,27,07,59,169,22,09,71,050,26,6*55
(001.100) $GLGSV,2,1,07,65,43,078,28,66,55,319,27,67,09,289,,72,05,095,,1*74
(001.100) $GLGSV,2,2,07,74,16,026,27,75,50,085,31,76,31,152,32,1*46
(001.100) $GLGSV,2,1,07,65,43,078,18,66,55,319,26,67,09,289,,72,05,095,,3*74
(001.100) $GLGSV,2,2,07,74,16,026,,75,50,085,25,76,31,152,20,3*47
(001.100) $GAGSV,1,1,00,*44
(001.100) $GAGSV,1,1,00,*44
(001.100) $GBGSV,1,1,00,*47
(001.100) $GBGSV,1,1,00,*47
(001.100) $GNGLL,4626.03982,N,01118.79538,E,121410.00,A,A*7F
(001.100) $GNRMC,121411.00,A,4626.03779,N,01118.79449,E,6.370,195.03,091120,,,A,V*09
(001.100) $GNVTG,195.03,T,,M,6.370,N,11.798,K,A*19
(001.100) $GNGGA,121411.00,4626.03779,N,01118.79449,E,1,07,1.53,242.2,M,46.0,M,,*42
(001.100) $GNGSA,A,3,04,07,09,,,,,,,,,,3.50,1.53,3.15,1*0D
(001.100) $GNGSA,A,3,75,65,66,76,,,,,,,,,3.50,1.53,3.15,2*04
(001.100) $GNGSA,A,3,,,,,,,,,,,,,3.50,1.53,3.15,3*05
(001.100) $GNGSA,A,3,,,,,,,,,,,,,3.50,1.53,3.15,4*02
(001.100) $GPGSV,1,1,03,04,32,068,23,07,59,169,29,09,71,050,32,1*58
(001.100) $GPGSV,1,1,03,04,32,068,28,07,59,169,21,09,71,050,26,6*59
(001.100) $GLGSV,2,1,07,65,43,078,28,66,55,319,27,67,09,289,,72,05,095,,1*74
(001.100) $GLGSV,2,2,07,74,16,026,27,75,50,085,31,76,31,152,31,1*45
(001.100) $GLGSV,2,1,07,65,43,078,18,66,55,319,26,67,09,289,,72,05,095,,3*74
(001.100) $GLGSV,2,2,07,74,16,026,,75,50,085,25,76,31,152,20,3*47
(001.100) $GAGSV,1,1,00,*44
(001.100) $GAGSV,1,1,00,*44
(001.100) $GBGSV,1,1,00,*47
(001.100) $GBGSV,1,1,00,*47
(001.100) $GNGLL,4626.03779,N,01118.79449,E,121411.00,A,A*73
(001.100) $GNRMC,121412.00,A,4626.03732,N,01118.79425,E,0.329,,091120,,,A,V*15
(001.100) $GNVTG,,T,,M,0.329,N,0.609,K,A*3A
(001.100) $GNGGA,121412.00,4626.03732,N,01118.79425,E,1,07,1.53,241.8,M,46.0,M,,*4D
(001.100) $GNGSA,A,3,04,07,09,,,,,,,,,,3.50,1.53,3.15,1*0D
(001.100) $GNGSA,A,3,75,65,66,76,,,,,,,,,3.50,1.53,3.15,2*04
(001.100) $GNGSA,A,3,,,,,,,,,,,,,3.50,1.53,3.15,3*05
(001.100) $GNGSA,A,3,,,,,,,,,,,,,3.50,1.53,3.15,4*02
(001.100) $GPGSV,1,1,03,04,32,068,22,07,59,169,29,09,71,050,32,1*59
(001.100) $GPGSV,1,1,03,04,32,068,27,07,59,169,20,09,71,050,26,6*57
(001.100) $GLGSV,2,1,07,65,43,078,28,66,55,319,27,67,09,289,,72,05,095,,1*74
(001.100) $GLGSV,2,2,07,74,16,026,27,75,50,085,30,76,31,152,31,1*44
(001.100) $GLGSV,2,1,07,65,43,078,16,66,55,319,26,67,09,289,,72,05,095,,3*7A
(001.100) $GLGSV,2,2,07,74,16,026,,75,50,085,25,76,31,152,20,3*47
(001.100) $GAGSV,1,1,00,*44
(001.100) $GAGSV,1,1,00,*44
(001.100) $GBGSV,1,1,00,*47
(001.100) $GBGSV,1,1,00,*47
(001.100) $GNGLL,4626.03732,N,01118.79425,E,121412.00,A,A*75
(001.100) $GNRMC,121413.00,A,4626.03734,N,01118.79424,E,0.130,,091120,,,A,V*19
(001.100) $GNVTG,,T,,M,0.130,N,0.240,K,A*39
(001.100) $GNGGA,121413.00,4626.03734,N,01118.79424,E,1,07,1.53,241.4,M,46.0,M,,*47
(001.100) $GNGSA,A,3,04,07,09,,,,,,,,,,3.50,1.53,3.15,1*0D
(001.100) $GNGSA,A,3,75,65,66,76,,,,,,,,,3.50,1.53,3.15,2*04
(001.100) $GNGSA,A,3,,,,,,,,,,,,,3.50,1.53,3.15,3*05
(001.100) $GNGSA,A,3,,,,,,,,,,,,,3.50,1.53,3.15,4*02
(001.100) $GPGSV,1,1,03,04,32,068,22,07,59,169,28,09,71,050,32,1*58
(001.100) $GPGSV,1,1,03,04,32,068,27,07,59,169,20,09,71,050,25,6*54
(001.100) $GLGSV,2,1,07,65,43,078,28,66,55,319,27,67,09,289,,72,05,095,,1*74
(001.100) $GLGSV,2,2,07,74,16,026,27,75,50,085,31,76,31,152,31,1*45
(001.100) $GLGSV,2,1,07,65,43,078,16,66,55,319,26,67,09,289,,72,05,095,,3*7A
(001.100) $GLGSV,2,2,07,74,16,026,,75,50,085,25,76,31,152,18,3*4C
(001.100) $GAGSV,1,1,00,*44
(001.100) $GAGSV,1,1,00,*44
(001.100) $GBGSV,1,1,00,*47
(001.100) $GBGSV,1,1,00,*47
(001.100) $GNGLL,4626.03734,N,01118.79424,E,121413.00,A,A*73
(001.100) $GNRMC,121414.00,A,4626.03735,N,01118.79423,E,0.180,,091120,,,A,V*13
(001.100) $GNVTG,,T,,M,0.180,N,0.333,K,A*37
(001.100) $GNGGA,121414.00,4626.03735,N,01118.79423,E,1,07,1.53,241.2,M,46.0,M,,*40
(001.100) $GNGSA,A,3,04,07,09,,,,,,,,,,3.50,1.53,3.15,1*0D
(001.100) $GNGSA,A,3,75,65,66,76,,,,,,,,,3.50,1.53,3.15,2*04
(001.100) $GNGSA,A,3,,,,,,,,,,,,,3.50,1.53,3.15,3*05
(001.100) $GNGSA,A,3,,,,,,,,,,,,,3.50,1.53,3.15,4*02
(001.100) $GPGSV,1,1,03,04,32,068,22,07,59,169,28,09,71,050,32,1*58
(001.100) $GPGSV,1,1,03,04,32,068,27,07,59,169,21,09,71,050,25,6*55
(001.100) $GLGSV,2,1,07,65,43,078,29,66,55,319,27,67,09,289,,72,05,095,,1*75
(001.100) $GLGSV,2,2,07,74,16,026,27,75,50,085,31,76,31,152,31,1*45
(001.100) $GLGSV,2,1,07,65,43,078,16,66,55,319,26,67,09,289,,72,05,095,,3*7A
(001.100) $GLGSV,2,2,07,74,16,026,,75,50,085,24,76,31,152,18,3*4D
(001.100) $GAGSV,1,1,00,*44
(001.100) $GAGSV,1,1,00,*44
(001.100) $GBGSV,1,1,00,*47
(001.100) $GBGSV,1,1,00,*47
(001.100) $GNGLL,4626.03735,N,01118.79423,E,121414.00,A,A*72
(001.100) $GNRMC,121415.00,A,4626.03735,N,01118.79420,E,0.065,,091120,,,A,V*1B
(001.100) $GNVTG,,T,,M,0.065,N,0.120,K,A*3D
(001.100) $GNGGA,121415.00,4626.03735,N,01118.79420,E,1,07,1.53,241.1,M,46.0,M,,*41
(001.100) $GNGSA,A,3,04,07,09,,,,,,,,,,3.50,1.53,3.15,1*0D
(001.100) $GNGSA,A,3,75,65,66,76,,,,,,,,,3.50,1.53,3.15,2*04
(001.100) $GNGSA,A,3,,,,,,,,,,,,,3.50,1.53,3.15,3*05
(001.100) $GNGSA,A,3,,,,,,,,,,,,,3.50,1.53,3.15,4*02
(001.100) $GPGSV,1,1,03,04,32,068,22,07,59,169,28,09,71,050,32,1*58
(001.100) $GPGSV,1,1,03,04,32,068,27,07,59,169,21,09,71,050,25,6*55
(001.100) $GLGSV,2,1,07,65,43,078,29,66,55,319,27,67,09,289,,72,04,095,,1*74
(001.100) $GLGSV,2,2,07,74,16,026,28,75,50,085,31,76,31,152,30,1*4B
(001.100) $GLGSV,2,1,07,65,43,078,16,66,55,319,26,67,09,289,,72,04,095,,3*7B
(001.100) $GLGSV,2,2,07,74,16,026,,75,50,085,23,76,31,152,18,3*4A
(001.100) $GAGSV,1,1,00,*44
(001.100) $GAGSV,1,1,00,*44
(001.100) $GBGSV,1,1,00,*47
(001.100) $GBGSV,1,1,00,*47
(001.100) $GNGLL,4626.03735,N,01118.79420,E,121415.00,A,A*70
(001.100) $GNRMC,121416.00,A,4626.03736,N,01118.79415,E,0.097,,091120,,,A,V*10
(001.100) $GNVTG,,T,,M,0.097,N,0.179,K,A*3C
(001.100) $GNGGA,121416.00,4626.03736,N,01118.79415,E,1,07,1.53,240.9,M,46.0,M,,*4E
(001.100) $GNGSA,A,3,04,07,09,,,,,,,,,,3.50,1.53,3.15,1*0D
(001.100) $GNGSA,A,3,75,65,66,76,,,,,,,,,3.50,1.53,3.15,2*04
(001.100) $GNGSA,A,3,,,,,,,,,,,,,3.50,1.53,3.15,3*05
(001.100) $GNGSA,A,3,,,,,,,,,,,,,3.50,1.53,3.15,4*02
(001.100) $GPGSV,1,1,03,04,32,068,23,07,59,169,28,09,71,050,32,1*59
(001.100) $GPGSV,1,1,03,04,32,068,27,07,59,169,20,09,71,050,26,6*57
(001.100) $GLGSV,2,1,07,65,43,078,28,66,55,319,27,67,09,289,,72,04,095,,1*75
(001.100) $GLGSV,2,2,07,74,16,026,27,75,50,085,31,76,31,152,30,1*44
(001.100) $GLGSV,2,1,07,65,43,078,17,66,55,319,26,67,09,289,,72,04,095,,3*7A
(001.100) $GLGSV,2,2,07,74,16,026,,75,50,085,23,76,31,152,18,3*4A
(001.100) $GAGSV,1,1,00,*44
(001.100) $GAGSV,1,1,00,*44
(001.100) $GBGSV,1,1,00,*47
(001.100) $GBGSV,1,1,00,*47
(001.100) $GNGLL,4626.03736,N,01118.79415,E,121416.00,A,A*76
(001.100) $GNRMC,121417.00,A,4626.03739,N,01118.79410,E,0.164,,091120,,,A,V*16
(001.100) $GNVTG,,T,,M,0.164,N,0.303,K,A*3E
(001.100) $GNGGA,121417.00,4626.03739,N,01118.79410,E,1,07,1.53,240.6,M,46.0,M,,*4A
(001.100) $GNGSA,A,3,04,07,09,,,,,,,,,,3.50,1.53,3.15,1*0D
(001.100) $GNGSA,A,3,75,65,66,76,,,,,,,,,3.50,1.53,3.15,2*04
(001.100) $GNGSA,A,3,,,,,,,,,,,,,3.50,1.53,3.15,3*05
(001.100) $GNGSA,A,3,,,,,,,,,,,,,3.50,1.53,3.15,4*02
(001.100) $GPGSV,1,1,03,04,32,068,22,07,59,169,28,09,71,050,32,1*58
(001.100) $GPGSV,1,1,03,04,32,068,27,07,59,169,21,09,71,050,25,6*55
(001.100) $GLGSV,2,1,07,65,43,078,28,66,55,319,27,67,09,289,,72,04,095,,1*75
(001.100) $GLGSV,2,2,07,74,16,026,28,75,50,085,31,76,31,152,30,1*4B
(001.100) $GLGSV,2,1,07,65,43,078,17,66,55,319,26,67,09,289,,72,04,095,,3*7A
(001.100) $GLGSV,2,2,07,74,16,026,,75,50,085,23,76,31,152,18,3*4A
(001.100) $GAGSV,1,1,00,*44
(001.100) $GAGSV,1,1,00,*44
(001.100) $GBGSV,1,1,00,*47
(001.100) $GBGSV,1,1,00,*47
(001.100) $GNGLL,4626.03739,N,01118.79410,E,121417.00,A,A*7D
(001.100) $GNRMC,121418.00,A,4626.03741,N,01118.79410,E,0.109,,091120,,,A,V*1D
(001.100) $GNVTG,,T,,M,0.109,N,0.201,K,A*36
(001.100) $GNGGA,121418.00,4626.03741,N,01118.79410,E,1,07,1.53,240.4,M,46.0,M,,*48
(001.100) $GNGSA,A,3,04,07,09,,,,,,,,,,3.50,1.53,3.15,1*0D
(001.100) $GNGSA,A,3,75,65,66,76,,,,,,,,,3.50,1.53,3.15,2*04
(001.100) $GNGSA,A,3,,,,,,,,,,,,,3.50,1.53,3.15,3*05
(001.100) $GNGSA,A,3,,,,,,,,,,,,,3.50,1.53,3.15,4*02
(001.100) $GPGSV,1,1,03,04,32,068,22,07,59,169,29,09,71,050,32,1*59
(001.100) $GPGSV,1,1,03,04,32,068,27,07,59,169,20,09,71,050,25,6*54
(001.100) $GLGSV,2,1,07,65,43,078,28,66,55,319,27,67,09,289,,72,04,095,,1*75
(001.100) $GLGSV,2,2,07,74,16,026,27,75,50,085,31,76,31,152,30,1*44
(001.100) $GLGSV,2,1,07,65,43,078,17,66,55,319,26,67,09,289,,72,04,095,,3*7A
(001.100) $GLGSV,2,2,07,74,16,026,,75,50,085,23,76,31,152,18,3*4A
(001.100) $GAGSV,1,1,00,*44
(001.100) $GAGSV,1,1,00,*44
(001.100) $GBGSV,1,1,00,*47
(001.100) $GBGSV,1,1,00,*47
(001.100) $GNGLL,4626.03741,N,01118.79410,E,121418.00,A,A*7D
(001.100) $GNRMC,121419.00,A,4626.03741,N,01118.79406,E,0.082,,091120,,,A,V*19
(001.100) $GNVTG,,T,,M,0.082,N,0.152,K,A*31
(001.100) $GNGGA,121419.00,4626.03741,N,01118.79406,E,1,07,1.53,240.3,M,46.0,M,,*49
(001.100) $GNGSA,A,3,04,07,09,,,,,,,,,,3.50,1.53,3.15,1*0D
(001.100) $GNGSA,A,3,75,65,66,76,,,,,,,,,3.50,1.53,3.15,2*04
(001.100) $GNGSA,A,3,,,,,,,,,,,,,3.50,1.53,3.15,3*05
(001.100) $GNGSA,A,3,,,,,,,,,,,,,3.50,1.53,3.15,4*02
(001.100) $GPGSV,1,1,03,04,32,068,22,07,59,169,29,09,71,050,32,1*59
(001.100) $GPGSV,1,1,03,04,32,068,27,07,59,169,21,09,71,050,25,6*55
(001.100) $GLGSV,2,1,07,65,43,078,28,66,55,319,28,67,09,289,,72,04,095,,1*7A
(001.100) $GLGSV,2,2,07,74,16,026,27,75,50,085,31,76,31,152,30,1*44
(001.100) $GLGSV,2,1,07,65,43,078,15,66,55,319,26,67,09,289,,72,04,095,,3*78
(001.100) $GLGSV,2,2,07,74,16,026,,75,50,085,24,76,31,152,18,3*4D
(001.100) $GAGSV,1,1,00,*44
(001.100) $GAGSV,1,1,00,*44
(001.100) $GBGSV,1,1,00,*47
(001.100) $GBGSV,1,1,00,*47
(001.100) $GNGLL,4626.03741,N,01118.79406,E,121419.00,A,A*7B
(001.100) $GNRMC,121420.00,A,4626.03744,N,01118.79404,E,0.135,,091120,,,A,V*19
(001.100) $GNVTG,,T,,M,0.135,N,0.251,K,A*3C
(001.100) $GNGGA,121420.00,4626.03744,N,01118.79404,E,1,07,1.53,240.1,M,46.0,M,,*46
(001.100) $GNGSA,A,3,04,07,09,,,,,,,,,,3.50,1.53,3.15,1*0D
(001.100) $GNGSA,A,3,75,65,66,76,,,,,,,,,3.50,1.53,3.15,2*04
(001.100) $GNGSA,A,3,,,,,,,,,,,,,3.50,1.53,3.15,3*05
(001.100) $GNGSA,A,3,,,,,,,,,,,,,3.50,1.53,3.15,4*02
(001.100) $GPGSV,1,1,03,04,32,068,21,07,59,169,28,09,71,050,32,1*5B
(001.100) $GPGSV,1,1,03,04,32,068,27,07,59,169,21,09,71,050,25,6*55
(001.100) $GLGSV,2,1,08,65,43,078,28,66,55,319,27,67,09,289,,72,04,095,,1*7A
(001.100) $GLGSV,2,2,08,74,16,026,27,75,50,085,31,76,31,152,30,81,29,259,,1*77
(001.100) $GLGSV,2,1,08,65,43,078,14,66,55,319,26,67,09,289,,72,04,095,,3*76
(001.100) $GLGSV,2,2,08,74,16,026,,75,50,085,24,76,31,152,20,81,29,259,,3*75
(001.100) $GAGSV,1,1,00,*44
(001.100) $GAGSV,1,1,00,*44
(001.100) $GBGSV,1,1,00,*47
(001.100) $GBGSV,1,1,00,*47
(001.100) $GNGLL,4626.03744,N,01118.79404,E,121420.00,A,A*76
(001.100) $GNRMC,121421.00,A,4626.03746,N,01118.79394,E,0.102,,091120,,,A,V*10
(001.100) $GNVTG,,T,,M,0.102,N,0.189,K,A*3E
(001.100) $GNGGA,121421.00,4626.03746,N,01118.79394,E,1,07,1.53,239.8,M,46.0,M,,*4C
(001.100) $GNGSA,A,3,04,07,09,,,,,,,,,,3.50,1.53,3.15,1*0D
(001.100) $GNGSA,A,3,75,65,66,76,,,,,,,,,3.50,1.53,3.15,2*04
(001.100) $GNGSA,A,3,,,,,,,,,,,,,3.50,1.53,3.15,3*05
(001.100) $GNGSA,A,3,,,,,,,,,,,,,3.50,1.53,3.15,4*02
(001.100) $GPGSV,1,1,03,04,32,068,21,07,59,169,28,09,71,050,32,1*5B
(001.100) $GPGSV,1,1,03,04,32,068,27,07,59,169,21,09,71,050,26,6*56
(001.100) $GLGSV,2,1,08,65,43,078,28,66,55,319,27,67,09,289,,72,04,095,,1*7A
(001.100) $GLGSV,2,2,08,74,16,026,27,75,50,085,31,76,31,152,31,81,29,259,,1*76
(001.100) $GLGSV,2,1,08,65,43,078,15,66,55,319,26,67,09,289,,72,04,095,,3*77
(001.100) $GLGSV,2,2,08,74,16,026,,75,50,085,23,76,31,152,19,81,29,259,,3*78
(001.100) $GAGSV,1,1,00,*44
(001.100) $GAGSV,1,1,00,*44
(001.100) $GBGSV,1,1,00,*47
(001.100) $GBGSV,1,1,00,*47
(001.100) $GNGLL,4626.03746,N,01118.79394,E,121421.00,A,A*7B
(001.100) $GNRMC,121422.00,A,4626.03749,N,01118.79383,E,0.056,,091120,,,A,V*1A
(001.100) $GNVTG,,T,,M,0.056,N,0.104,K,A*3B
(001.100) $GNGGA,121422.00,4626.03749,N,01118.79383,E,1,07,1.53,239.4,M,46.0,M,,*4A
(001.100) $GNGSA,A,3,04,07,09,,,,,,,,,,3.50,1.53,3.15,1*0D
(001.100) $GNGSA,A,3,75,65,66,76,,,,,,,,,3.50,1.53,3.15,2*04
(001.100) $GNGSA,A,3,,,,,,,,,,,,,3.50,1.53,3.15,3*05
(001.100) $GNGSA,A,3,,,,,,,,,,,,,3.50,1.53,3.15,4*02
(001.100) $GPGSV,1,1,03,04,32,068,21,07,59,169,28,09,71,050,32,1*5B
(001.100) $GPGSV,1,1,03,04,32,068,27,07,59,169,21,09,71,050,26,6*56
(001.100) $GLGSV,2,1,08,65,43,078,28,66,55,319,27,67,09,289,,72,04,095,,1*7A
(001.100) $GLGSV,2,2,08,74,16,026,28,75,50,085,32,76,31,152,30,81,29,259,,1*7B
(001.100) $GLGSV,2,1,08,65,43,078,15,66,55,319,26,67,09,289,,72,04,095,,3*77
